"../../../Engine/Content/EditorResources/S_Actor.uasset" 0
"../../../Engine/Content/EditorResources/S_Actor.ubulk" 1
"../../../Engine/Content/EditorResources/S_Actor.uexp" 2
"../../../Engine/Content/EditorResources/S_BoxReflectionCapture.uasset" 3
"../../../Engine/Content/EditorResources/S_BoxReflectionCapture.uexp" 4
"../../../Engine/Content/EngineResources/DefaultTexture.uasset" 5
"../../../Engine/Content/EngineResources/DefaultTexture.ubulk" 6
"../../../Engine/Content/EngineResources/DefaultTexture.uexp" 7
"../../../Engine/Content/EngineResources/DefaultTextureCube.uasset" 8
"../../../Engine/Content/EngineResources/DefaultTextureCube.uexp" 9
"../../../Engine/Content/EngineResources/DefaultVolumeTexture2D.uasset" 10
"../../../Engine/Content/EngineResources/DefaultVolumeTexture2D.uexp" 11
"../../../Engine/Content/EngineResources/DefaultVolumeTexture.uasset" 12
"../../../Engine/Content/EngineResources/DefaultVolumeTexture.uexp" 13
"../../../Engine/Content/EditorResources/S_Trigger.uasset" 14
"../../../Engine/Content/EditorResources/S_Trigger.ubulk" 15
"../../../Engine/Content/EditorResources/S_Trigger.uexp" 16
"../../../Engine/Content/EditorResources/S_TriggerBox.uasset" 17
"../../../Engine/Content/EditorResources/S_TriggerBox.uexp" 18
"../../../Engine/Content/EditorResources/S_TriggerCapsule.uasset" 19
"../../../Engine/Content/EditorResources/S_TriggerCapsule.uexp" 20
"../../../Engine/Content/EditorResources/S_TriggerSphere.uasset" 21
"../../../Engine/Content/EditorResources/S_TriggerSphere.uexp" 22
"../../../Engine/Content/EngineMeshes/Sphere.uasset" 23
"../../../Engine/Content/EngineMeshes/Sphere.ubulk" 24
"../../../Engine/Content/EngineMeshes/Sphere.uexp" 25
"../../../Engine/Content/EngineResources/GradientTexture0.uasset" 26
"../../../Engine/Content/EngineResources/GradientTexture0.uexp" 27
"../../../Engine/Content/EngineResources/Black.uasset" 28
"../../../Engine/Content/EngineResources/Black.uexp" 29
"../../../Engine/Content/EditorMaterials/Camera/CineMat.uasset" 30
"../../../Engine/Content/EditorMaterials/Camera/CineMat.uexp" 31
"../../../Engine/Content/EditorMaterials/Camera/MI_CineMat_Rig.uasset" 32
"../../../Engine/Content/EditorMaterials/Camera/MI_CineMat_Rig.uexp" 33
"../../../Engine/Content/EditorMeshes/Camera/SM_CraneRig_Base.uasset" 34
"../../../Engine/Content/EditorMeshes/Camera/SM_CraneRig_Base.ubulk" 35
"../../../Engine/Content/EditorMeshes/Camera/SM_CraneRig_Base.uexp" 36
"../../../Engine/Content/EditorMeshes/Camera/SM_CraneRig_Arm.uasset" 37
"../../../Engine/Content/EditorMeshes/Camera/SM_CraneRig_Arm.ubulk" 38
"../../../Engine/Content/EditorMeshes/Camera/SM_CraneRig_Arm.uexp" 39
"../../../Engine/Content/EditorMeshes/Camera/SM_CraneRig_Mount.uasset" 40
"../../../Engine/Content/EditorMeshes/Camera/SM_CraneRig_Mount.ubulk" 41
"../../../Engine/Content/EditorMeshes/Camera/SM_CraneRig_Mount.uexp" 42
"../../../Engine/Content/EditorMeshes/Camera/SM_CraneRig_Body.uasset" 43
"../../../Engine/Content/EditorMeshes/Camera/SM_CraneRig_Body.ubulk" 44
"../../../Engine/Content/EditorMeshes/Camera/SM_CraneRig_Body.uexp" 45
"../../../Engine/Content/EditorMeshes/Camera/SM_RailRig_Track.uasset" 46
"../../../Engine/Content/EditorMeshes/Camera/SM_RailRig_Track.ubulk" 47
"../../../Engine/Content/EditorMeshes/Camera/SM_RailRig_Track.uexp" 48
"../../../Engine/Content/EditorMeshes/Camera/SM_RailRig_Mount.uasset" 49
"../../../Engine/Content/EditorMeshes/Camera/SM_RailRig_Mount.ubulk" 50
"../../../Engine/Content/EditorMeshes/Camera/SM_RailRig_Mount.uexp" 51
"../../../Engine/Content/EngineMaterials/T_Default_Material_Grid_M.uasset" 52
"../../../Engine/Content/EngineMaterials/T_Default_Material_Grid_M.ubulk" 53
"../../../Engine/Content/EngineMaterials/T_Default_Material_Grid_M.uexp" 54
"../../../Engine/Content/EngineMaterials/T_Default_Material_Grid_N.uasset" 55
"../../../Engine/Content/EngineMaterials/T_Default_Material_Grid_N.ubulk" 56
"../../../Engine/Content/EngineMaterials/T_Default_Material_Grid_N.uexp" 57
"../../../Engine/Content/Functions/Engine_MaterialFunctions01/Opacity/CameraDepthFade.uasset" 58
"../../../Engine/Content/Functions/Engine_MaterialFunctions01/Opacity/CameraDepthFade.uexp" 59
"../../../Engine/Content/EngineMaterials/WorldGridMaterial.uasset" 60
"../../../Engine/Content/EngineMaterials/WorldGridMaterial.uexp" 61
"../../../Engine/Content/ArtTools/RenderToTexture/Meshes/S_1_Unit_Plane.uasset" 62
"../../../Engine/Content/ArtTools/RenderToTexture/Meshes/S_1_Unit_Plane.ubulk" 63
"../../../Engine/Content/ArtTools/RenderToTexture/Meshes/S_1_Unit_Plane.uexp" 64
"../../../Engine/Content/VREditor/LaserPointer/VR_LaserPower_01.uasset" 65
"../../../Engine/Content/VREditor/LaserPointer/VR_LaserPower_01.ubulk" 66
"../../../Engine/Content/VREditor/LaserPointer/VR_LaserPower_01.uexp" 67
"../../../Engine/Content/VREditor/TransformGizmo/TransformGizmoMaterial.uasset" 68
"../../../Engine/Content/VREditor/TransformGizmo/TransformGizmoMaterial.uexp" 69
"../../../Engine/Content/VREditor/TransformGizmo/TranslucentTransformGizmoMaterial.uasset" 70
"../../../Engine/Content/VREditor/TransformGizmo/TranslucentTransformGizmoMaterial.uexp" 71
"../../../Engine/Content/VREditor/TransformGizmo/PlaneTranslationHandle.uasset" 72
"../../../Engine/Content/VREditor/TransformGizmo/PlaneTranslationHandle.ubulk" 73
"../../../Engine/Content/VREditor/TransformGizmo/PlaneTranslationHandle.uexp" 74
"../../../Engine/Content/VREditor/TransformGizmo/BoundingBoxCorner.uasset" 75
"../../../Engine/Content/VREditor/TransformGizmo/BoundingBoxCorner.ubulk" 76
"../../../Engine/Content/VREditor/TransformGizmo/BoundingBoxCorner.uexp" 77
"../../../Engine/Content/VREditor/TransformGizmo/BoundingBoxEdge.uasset" 78
"../../../Engine/Content/VREditor/TransformGizmo/BoundingBoxEdge.ubulk" 79
"../../../Engine/Content/VREditor/TransformGizmo/BoundingBoxEdge.uexp" 80
"../../../Engine/Content/VREditor/TransformGizmo/Main.uasset" 81
"../../../Engine/Content/VREditor/TransformGizmo/Main.uexp" 82
"../../../Engine/Content/VREditor/TransformGizmo/Xray.uasset" 83
"../../../Engine/Content/VREditor/TransformGizmo/Xray.uexp" 84
"../../../Engine/Content/VREditor/TransformGizmo/SM_Sequencer_Node.uasset" 85
"../../../Engine/Content/VREditor/TransformGizmo/SM_Sequencer_Node.ubulk" 86
"../../../Engine/Content/VREditor/TransformGizmo/SM_Sequencer_Node.uexp" 87
"../../../Engine/Content/EditorMaterials/ParticleSystems/PSysThumbnail_NoImage.uasset" 88
"../../../Engine/Content/EditorMaterials/ParticleSystems/PSysThumbnail_NoImage.ubulk" 89
"../../../Engine/Content/EditorMaterials/ParticleSystems/PSysThumbnail_NoImage.uexp" 90
"../../../Engine/Content/EditorMaterials/ParticleSystems/PSysThumbnail_OOD.uasset" 91
"../../../Engine/Content/EditorMaterials/ParticleSystems/PSysThumbnail_OOD.ubulk" 92
"../../../Engine/Content/EditorMaterials/ParticleSystems/PSysThumbnail_OOD.uexp" 93
"../../../Engine/Content/EditorLandscapeResources/SplineEditorMeshMat.uasset" 94
"../../../Engine/Content/EditorLandscapeResources/SplineEditorMeshMat.uexp" 95
"../../../Engine/Content/EditorLandscapeResources/SplineEditorMesh.uasset" 96
"../../../Engine/Content/EditorLandscapeResources/SplineEditorMesh.ubulk" 97
"../../../Engine/Content/EditorLandscapeResources/SplineEditorMesh.uexp" 98
"../../../Engine/Content/EditorResources/S_Solver.uasset" 99
"../../../Engine/Content/EditorResources/S_Solver.ubulk" 100
"../../../Engine/Content/EditorResources/S_Solver.uexp" 101
"../../../Engine/Plugins/Media/MediaPlate/Content/SM_MediaPlateScreen.uasset" 102
"../../../Engine/Plugins/Media/MediaPlate/Content/SM_MediaPlateScreen.ubulk" 103
"../../../Engine/Plugins/Media/MediaPlate/Content/SM_MediaPlateScreen.uexp" 104
"../../../Engine/Content/EngineMaterials/Good64x64TilingNoiseHighFreq.uasset" 105
"../../../Engine/Content/EngineMaterials/Good64x64TilingNoiseHighFreq.uexp" 106
"../../../Engine/Content/EngineMaterials/DefaultBokeh.uasset" 107
"../../../Engine/Content/EngineMaterials/DefaultBokeh.uexp" 108
"../../../Engine/Content/EngineMaterials/PreintegratedSkinBRDF.uasset" 109
"../../../Engine/Content/EngineMaterials/PreintegratedSkinBRDF.uexp" 110
"../../../Engine/Content/EngineMaterials/MiniFont.uasset" 111
"../../../Engine/Content/EngineMaterials/MiniFont.uexp" 112
"../../../Engine/Content/EngineMaterials/WeightMapPlaceholderTexture.uasset" 113
"../../../Engine/Content/EngineMaterials/WeightMapPlaceholderTexture.uexp" 114
"../../../Engine/Content/EngineMaterials/DefaultWhiteGrid.uasset" 115
"../../../Engine/Content/EngineMaterials/DefaultWhiteGrid.ubulk" 116
"../../../Engine/Content/EngineMaterials/DefaultWhiteGrid.uexp" 117
"/home/nikita/Documents/programs/Unreal Projects/HackatonSlasher/Content/Textures/T_WoodenHouse_04_BC.uasset" 118
"/home/nikita/Documents/programs/Unreal Projects/HackatonSlasher/Content/Textures/T_WoodenHouse_04_BC.ubulk" 119
"/home/nikita/Documents/programs/Unreal Projects/HackatonSlasher/Content/Textures/T_WoodenHouse_04_BC.uexp" 120
"/home/nikita/Documents/programs/Unreal Projects/HackatonSlasher/Content/Textures/T_WoodenHouse_04_ORM.uasset" 121
"/home/nikita/Documents/programs/Unreal Projects/HackatonSlasher/Content/Textures/T_WoodenHouse_04_ORM.ubulk" 122
"/home/nikita/Documents/programs/Unreal Projects/HackatonSlasher/Content/Textures/T_WoodenHouse_04_ORM.uexp" 123
"/home/nikita/Documents/programs/Unreal Projects/HackatonSlasher/Content/Textures/T_WoodenHouse_01_BC.uasset" 124
"/home/nikita/Documents/programs/Unreal Projects/HackatonSlasher/Content/Textures/T_WoodenHouse_01_BC.ubulk" 125
"/home/nikita/Documents/programs/Unreal Projects/HackatonSlasher/Content/Textures/T_WoodenHouse_01_BC.uexp" 126
"/home/nikita/Documents/programs/Unreal Projects/HackatonSlasher/Content/Textures/T_WoodenConstruction_02_ORM.uasset" 127
"/home/nikita/Documents/programs/Unreal Projects/HackatonSlasher/Content/Textures/T_WoodenConstruction_02_ORM.ubulk" 128
"/home/nikita/Documents/programs/Unreal Projects/HackatonSlasher/Content/Textures/T_WoodenConstruction_02_ORM.uexp" 129
"/home/nikita/Documents/programs/Unreal Projects/HackatonSlasher/Content/Textures/T_WoodenConstruction_02_N.uasset" 130
"/home/nikita/Documents/programs/Unreal Projects/HackatonSlasher/Content/Textures/T_WoodenConstruction_02_N.ubulk" 131
"/home/nikita/Documents/programs/Unreal Projects/HackatonSlasher/Content/Textures/T_WoodenConstruction_02_N.uexp" 132
"/home/nikita/Documents/programs/Unreal Projects/HackatonSlasher/Content/Materials/M_BasicMaterial.uasset" 133
"/home/nikita/Documents/programs/Unreal Projects/HackatonSlasher/Content/Materials/M_BasicMaterial.uexp" 134
"/home/nikita/Documents/programs/Unreal Projects/HackatonSlasher/Content/Textures/T_WoodenHouse_04_N.uasset" 135
"/home/nikita/Documents/programs/Unreal Projects/HackatonSlasher/Content/Textures/T_WoodenHouse_04_N.ubulk" 136
"/home/nikita/Documents/programs/Unreal Projects/HackatonSlasher/Content/Textures/T_WoodenHouse_04_N.uexp" 137
"/home/nikita/Documents/programs/Unreal Projects/HackatonSlasher/Content/Materials/MI_WoodenHouse_04.uasset" 138
"/home/nikita/Documents/programs/Unreal Projects/HackatonSlasher/Content/Materials/MI_WoodenHouse_04.uexp" 139
"/home/nikita/Documents/programs/Unreal Projects/HackatonSlasher/Content/Meshes/SM_WoodenHouse_04.uasset" 140
"/home/nikita/Documents/programs/Unreal Projects/HackatonSlasher/Content/Meshes/SM_WoodenHouse_04.ubulk" 141
"/home/nikita/Documents/programs/Unreal Projects/HackatonSlasher/Content/Meshes/SM_WoodenHouse_04.uexp" 142
"/home/nikita/Documents/programs/Unreal Projects/HackatonSlasher/Content/Blueprint/StaticActors/SBP_WoodenHouse_04.uasset" 143
"/home/nikita/Documents/programs/Unreal Projects/HackatonSlasher/Content/Blueprint/StaticActors/SBP_WoodenHouse_04.uexp" 144
"/home/nikita/Documents/programs/Unreal Projects/HackatonSlasher/Content/Textures/T_WoodenHouse_01_ORM.uasset" 145
"/home/nikita/Documents/programs/Unreal Projects/HackatonSlasher/Content/Textures/T_WoodenHouse_01_ORM.ubulk" 146
"/home/nikita/Documents/programs/Unreal Projects/HackatonSlasher/Content/Textures/T_WoodenHouse_01_ORM.uexp" 147
"/home/nikita/Documents/programs/Unreal Projects/HackatonSlasher/Content/Textures/T_WoodenHouse_01_N.uasset" 148
"/home/nikita/Documents/programs/Unreal Projects/HackatonSlasher/Content/Textures/T_WoodenHouse_01_N.ubulk" 149
"/home/nikita/Documents/programs/Unreal Projects/HackatonSlasher/Content/Textures/T_WoodenHouse_01_N.uexp" 150
"/home/nikita/Documents/programs/Unreal Projects/HackatonSlasher/Content/Materials/MI_WoodenHouse_01.uasset" 151
"/home/nikita/Documents/programs/Unreal Projects/HackatonSlasher/Content/Materials/MI_WoodenHouse_01.uexp" 152
"/home/nikita/Documents/programs/Unreal Projects/HackatonSlasher/Content/Meshes/SM_WoodenHouse_01.uasset" 153
"/home/nikita/Documents/programs/Unreal Projects/HackatonSlasher/Content/Meshes/SM_WoodenHouse_01.ubulk" 154
"/home/nikita/Documents/programs/Unreal Projects/HackatonSlasher/Content/Meshes/SM_WoodenHouse_01.uexp" 155
"/home/nikita/Documents/programs/Unreal Projects/HackatonSlasher/Content/Blueprint/StaticActors/SBP_WoodenHouse_01.uasset" 156
"/home/nikita/Documents/programs/Unreal Projects/HackatonSlasher/Content/Blueprint/StaticActors/SBP_WoodenHouse_01.uexp" 157
"/home/nikita/Documents/programs/Unreal Projects/HackatonSlasher/Content/Textures/T_WoodenConstruction_02_BC.uasset" 158
"/home/nikita/Documents/programs/Unreal Projects/HackatonSlasher/Content/Textures/T_WoodenConstruction_02_BC.ubulk" 159
"/home/nikita/Documents/programs/Unreal Projects/HackatonSlasher/Content/Textures/T_WoodenConstruction_02_BC.uexp" 160
"/home/nikita/Documents/programs/Unreal Projects/HackatonSlasher/Content/Materials/MI_Wooden_Construction_02.uasset" 161
"/home/nikita/Documents/programs/Unreal Projects/HackatonSlasher/Content/Materials/MI_Wooden_Construction_02.uexp" 162
"/home/nikita/Documents/programs/Unreal Projects/HackatonSlasher/Content/Meshes/SM_WoodenConstruction_02.uasset" 163
"/home/nikita/Documents/programs/Unreal Projects/HackatonSlasher/Content/Meshes/SM_WoodenConstruction_02.ubulk" 164
"/home/nikita/Documents/programs/Unreal Projects/HackatonSlasher/Content/Meshes/SM_WoodenConstruction_02.uexp" 165
"/home/nikita/Documents/programs/Unreal Projects/HackatonSlasher/Content/Blueprint/StaticActors/SBP_Wooden_Construction_02.uasset" 166
"/home/nikita/Documents/programs/Unreal Projects/HackatonSlasher/Content/Blueprint/StaticActors/SBP_Wooden_Construction_02.uexp" 167
"/home/nikita/Documents/programs/Unreal Projects/HackatonSlasher/Content/Textures/T_Snow02_N.uasset" 168
"/home/nikita/Documents/programs/Unreal Projects/HackatonSlasher/Content/Textures/T_Snow02_N.uexp" 169
"/home/nikita/Documents/programs/Unreal Projects/HackatonSlasher/Content/Textures/T_Snow02_BC.uasset" 170
"/home/nikita/Documents/programs/Unreal Projects/HackatonSlasher/Content/Textures/T_Snow02_BC.uexp" 171
"/home/nikita/Documents/programs/Unreal Projects/HackatonSlasher/Content/Materials/M_Snow.uasset" 172
"/home/nikita/Documents/programs/Unreal Projects/HackatonSlasher/Content/Materials/M_Snow.uexp" 173
"/home/nikita/Documents/programs/Unreal Projects/HackatonSlasher/Content/Meshes/SM_WoodenConstruction_01.uasset" 174
"/home/nikita/Documents/programs/Unreal Projects/HackatonSlasher/Content/Meshes/SM_WoodenConstruction_01.ubulk" 175
"/home/nikita/Documents/programs/Unreal Projects/HackatonSlasher/Content/Meshes/SM_WoodenConstruction_01.uexp" 176
"../../../Engine/Content/Functions/Engine_MaterialFunctions01/Shading/PowerToRoughness.uasset" 177
"../../../Engine/Content/Functions/Engine_MaterialFunctions01/Shading/PowerToRoughness.uexp" 178
"../../../Engine/Content/EngineSounds/Master.uasset" 179
"../../../Engine/Content/EngineSounds/Master.uexp" 180
"../../../Engine/Content/EngineSky/M_SimpleSkyDome.uasset" 181
"../../../Engine/Content/EngineSky/M_SimpleSkyDome.uexp" 182
"../../../Engine/Content/EngineSky/T_Sky_Stars.uasset" 183
"../../../Engine/Content/EngineSky/T_Sky_Stars.ubulk" 184
"../../../Engine/Content/EngineSky/T_Sky_Stars.uexp" 185
"../../../Engine/Content/EngineSky/T_Sky_Clouds_M.uasset" 186
"../../../Engine/Content/EngineSky/T_Sky_Clouds_M.ubulk" 187
"../../../Engine/Content/EngineSky/T_Sky_Clouds_M.uexp" 188
"../../../Engine/Content/EngineSky/T_Sky_Blue.uasset" 189
"../../../Engine/Content/EngineSky/T_Sky_Blue.ubulk" 190
"../../../Engine/Content/EngineSky/T_Sky_Blue.uexp" 191
"../../../Engine/Content/EngineSky/M_Sky_Panning_Clouds2.uasset" 192
"../../../Engine/Content/EngineSky/M_Sky_Panning_Clouds2.uexp" 193
"../../../Engine/Content/EngineSky/SM_SkySphere.uasset" 194
"../../../Engine/Content/EngineSky/SM_SkySphere.ubulk" 195
"../../../Engine/Content/EngineSky/SM_SkySphere.uexp" 196
"../../../Engine/Content/EngineSky/VolumetricClouds/CloudWeatherTexture.uasset" 197
"../../../Engine/Content/EngineSky/VolumetricClouds/CloudWeatherTexture.uexp" 198
"../../../Engine/Content/Functions/Engine_MaterialFunctions02/Utility/MakeFloat2.uasset" 199
"../../../Engine/Content/Functions/Engine_MaterialFunctions02/Utility/MakeFloat2.uexp" 200
"../../../Engine/Content/EngineSky/VolumetricClouds/CloudGradientTexture.uasset" 201
"../../../Engine/Content/EngineSky/VolumetricClouds/CloudGradientTexture.uexp" 202
"../../../Engine/Content/EngineSky/VolumetricClouds/T_NoiseShape64.uasset" 203
"../../../Engine/Content/EngineSky/VolumetricClouds/T_NoiseShape64.ubulk" 204
"../../../Engine/Content/EngineSky/VolumetricClouds/T_NoiseShape64.uexp" 205
"../../../Engine/Content/EngineSky/VolumetricClouds/T_VolumeNoiseShape64.uasset" 206
"../../../Engine/Content/EngineSky/VolumetricClouds/T_VolumeNoiseShape64.uexp" 207
"../../../Engine/Content/EngineSky/VolumetricClouds/T_NoiseErosion.uasset" 208
"../../../Engine/Content/EngineSky/VolumetricClouds/T_NoiseErosion.ubulk" 209
"../../../Engine/Content/EngineSky/VolumetricClouds/T_NoiseErosion.uexp" 210
"../../../Engine/Content/EngineSky/VolumetricClouds/T_VolumeNoiseErosion32.uasset" 211
"../../../Engine/Content/EngineSky/VolumetricClouds/T_VolumeNoiseErosion32.uexp" 212
"../../../Engine/Content/EngineSky/VolumetricClouds/m_SimpleVolumetricCloud.uasset" 213
"../../../Engine/Content/EngineSky/VolumetricClouds/m_SimpleVolumetricCloud.uexp" 214
"../../../Engine/Content/EngineSky/VolumetricClouds/m_SimpleVolumetricCloud_Inst.uasset" 215
"../../../Engine/Content/EngineSky/VolumetricClouds/m_SimpleVolumetricCloud_Inst.uexp" 216
"../../../Engine/Plugins/Editor/SpeedTreeImporter/Content/SpeedTree9/game_wind_noise.uasset" 217
"../../../Engine/Plugins/Editor/SpeedTreeImporter/Content/SpeedTree9/game_wind_noise.ubulk" 218
"../../../Engine/Plugins/Editor/SpeedTreeImporter/Content/SpeedTree9/game_wind_noise.uexp" 219
"../../../Engine/Plugins/Editor/SpeedTreeImporter/Content/SpeedTree9/UnpackDirection.uasset" 220
"../../../Engine/Plugins/Editor/SpeedTreeImporter/Content/SpeedTree9/UnpackDirection.uexp" 221
"../../../Engine/Content/Functions/Engine_MaterialFunctions02/ObjectLocalBounds.uasset" 222
"../../../Engine/Content/Functions/Engine_MaterialFunctions02/ObjectLocalBounds.uexp" 223
"../../../Engine/Content/Functions/Engine_MaterialFunctions02/Utility/BreakOutFloat3Components.uasset" 224
"../../../Engine/Content/Functions/Engine_MaterialFunctions02/Utility/BreakOutFloat3Components.uexp" 225
"../../../Engine/Content/Functions/Engine_MaterialFunctions02/UVs/BoundingBoxBased_0-1_UVW.uasset" 226
"../../../Engine/Content/Functions/Engine_MaterialFunctions02/UVs/BoundingBoxBased_0-1_UVW.uexp" 227
"../../../Engine/Content/Functions/Engine_MaterialFunctions02/Utility/VectorLength.uasset" 228
"../../../Engine/Content/Functions/Engine_MaterialFunctions02/Utility/VectorLength.uexp" 229
"../../../Engine/Plugins/Editor/SpeedTreeImporter/Content/SpeedTree9/UnpackInteger3.uasset" 230
"../../../Engine/Plugins/Editor/SpeedTreeImporter/Content/SpeedTree9/UnpackInteger3.uexp" 231
"../../../Engine/Plugins/Editor/SpeedTreeImporter/Content/SpeedTree9/SpeedTreeCameraFacing.uasset" 232
"../../../Engine/Plugins/Editor/SpeedTreeImporter/Content/SpeedTree9/SpeedTreeCameraFacing.uexp" 233
"../../../Engine/Content/Functions/Engine_MaterialFunctions02/WorldPositionOffset/ObjectScale.uasset" 234
"../../../Engine/Content/Functions/Engine_MaterialFunctions02/WorldPositionOffset/ObjectScale.uexp" 235
"../../../Engine/Content/Functions/Engine_MaterialFunctions02/SafeNormalize.uasset" 236
"../../../Engine/Content/Functions/Engine_MaterialFunctions02/SafeNormalize.uexp" 237
"../../../Engine/Plugins/Editor/SpeedTreeImporter/Content/SpeedTree9/SpeedTreeWindMotion.uasset" 238
"../../../Engine/Plugins/Editor/SpeedTreeImporter/Content/SpeedTree9/SpeedTreeWindMotion.uexp" 239
"../../../Engine/Plugins/Editor/SpeedTreeImporter/Content/SpeedTree9/SpeedTreeBranchMotion.uasset" 240
"../../../Engine/Plugins/Editor/SpeedTreeImporter/Content/SpeedTree9/SpeedTreeBranchMotion.uexp" 241
"../../../Engine/Plugins/Editor/SpeedTreeImporter/Content/SpeedTree9/SpeedTreeWind.uasset" 242
"../../../Engine/Plugins/Editor/SpeedTreeImporter/Content/SpeedTree9/SpeedTreeWind.uexp" 243
"../../../Engine/Plugins/Editor/SpeedTreeImporter/Content/SpeedTree9/EmptyNormal.uasset" 244
"../../../Engine/Plugins/Editor/SpeedTreeImporter/Content/SpeedTree9/EmptyNormal.uexp" 245
"../../../Engine/Plugins/Editor/SpeedTreeImporter/Content/SpeedTree9/Empty.uasset" 246
"../../../Engine/Plugins/Editor/SpeedTreeImporter/Content/SpeedTree9/Empty.uexp" 247
"../../../Engine/Plugins/Editor/SpeedTreeImporter/Content/SpeedTree9/SpeedTreeMaster.uasset" 248
"../../../Engine/Plugins/Editor/SpeedTreeImporter/Content/SpeedTree9/SpeedTreeMaster.uexp" 249
"../../../Engine/Content/EngineResources/FilmGrains/Marcie_Grain_v3_128_M2_000.uasset" 250
"../../../Engine/Content/EngineResources/FilmGrains/Marcie_Grain_v3_128_M2_000.uexp" 251
"../../../Engine/Content/EngineMaterials/DefaultBloomKernel.uasset" 252
"../../../Engine/Content/EngineMaterials/DefaultBloomKernel.uexp" 253
"../../../Engine/Content/EngineMaterials/STBlueNoise_scalar_128x128x64.uasset" 254
"../../../Engine/Content/EngineMaterials/STBlueNoise_scalar_128x128x64.uexp" 255
"../../../Engine/Content/EngineMaterials/DefaultCalibrationColor.uasset" 256
"../../../Engine/Content/EngineMaterials/DefaultCalibrationColor.uexp" 257
"../../../Engine/Content/EngineMaterials/PPM_DefaultCalibrationColor.uasset" 258
"../../../Engine/Content/EngineMaterials/PPM_DefaultCalibrationColor.uexp" 259
"../../../Engine/Content/EngineResources/WhiteSquareTexture.uasset" 260
"../../../Engine/Content/EngineResources/WhiteSquareTexture.uexp" 261
"../../../Engine/Content/EngineMaterials/Widget3DPassThrough.uasset" 262
"../../../Engine/Content/EngineMaterials/Widget3DPassThrough.uexp" 263
"../../../Engine/Content/EngineMaterials/Widget3DPassThrough_Translucent.uasset" 264
"../../../Engine/Content/EngineMaterials/Widget3DPassThrough_Translucent.uexp" 265
"../../../Engine/Content/EngineMaterials/Widget3DPassThrough_Translucent_OneSided.uasset" 266
"../../../Engine/Content/EngineMaterials/Widget3DPassThrough_Translucent_OneSided.uexp" 267
"../../../Engine/Content/EngineMaterials/Widget3DPassThrough_Opaque.uasset" 268
"../../../Engine/Content/EngineMaterials/Widget3DPassThrough_Opaque.uexp" 269
"../../../Engine/Content/EngineMaterials/Widget3DPassThrough_Opaque_OneSided.uasset" 270
"../../../Engine/Content/EngineMaterials/Widget3DPassThrough_Opaque_OneSided.uexp" 271
"../../../Engine/Content/EngineMaterials/Widget3DPassThrough_Masked_OneSided.uasset" 272
"../../../Engine/Content/EngineMaterials/Widget3DPassThrough_Masked_OneSided.uexp" 273
"../../../Engine/Content/EngineMaterials/Widget3DPassThrough_Masked.uasset" 274
"../../../Engine/Content/EngineMaterials/Widget3DPassThrough_Masked.uexp" 275
"../../../Engine/Content/EngineMaterials/RemoveSurfaceMaterial.uasset" 276
"../../../Engine/Content/EngineMaterials/RemoveSurfaceMaterial.uexp" 277
"../../../Engine/Content/Functions/Engine_MaterialFunctions02/WorldPositionOffset/CameraOffset.uasset" 278
"../../../Engine/Content/Functions/Engine_MaterialFunctions02/WorldPositionOffset/CameraOffset.uexp" 279
"../../../Engine/Content/EngineMaterials/PhAT_JointLimitMaterial.uasset" 280
"../../../Engine/Content/EngineMaterials/PhAT_JointLimitMaterial.uexp" 281
"../../../Engine/Content/EngineMaterials/DefaultCalibrationGrayscale.uasset" 282
"../../../Engine/Content/EngineMaterials/DefaultCalibrationGrayscale.uexp" 283
"../../../Engine/Content/EngineMaterials/PPM_DefaultCalibrationGrayscale.uasset" 284
"../../../Engine/Content/EngineMaterials/PPM_DefaultCalibrationGrayscale.uexp" 285
"../../../Engine/Content/EngineMaterials/InvalidLightmapSettings.uasset" 286
"../../../Engine/Content/EngineMaterials/InvalidLightmapSettings.ubulk" 287
"../../../Engine/Content/EngineMaterials/InvalidLightmapSettings.uexp" 288
"../../../Engine/Content/EngineMaterials/M_InvalidLightmapSettings.uasset" 289
"../../../Engine/Content/EngineMaterials/M_InvalidLightmapSettings.uexp" 290
"../../../Engine/Content/EngineMaterials/GizmoMaterial.uasset" 291
"../../../Engine/Content/EngineMaterials/GizmoMaterial.uexp" 292
"../../../Engine/Content/EngineMaterials/DefaultWhiteGrid_Low.uasset" 293
"../../../Engine/Content/EngineMaterials/DefaultWhiteGrid_Low.uexp" 294
"../../../Engine/Content/EngineMaterials/EmissiveMeshMaterial.uasset" 295
"../../../Engine/Content/EngineMaterials/EmissiveMeshMaterial.uexp" 296
"../../../Engine/Content/EngineFonts/RobotoDistanceField.uasset" 297
"../../../Engine/Content/EngineFonts/RobotoDistanceField.uexp" 298
"../../../Engine/Content/EngineMaterials/DefaultTextMaterialOpaque.uasset" 299
"../../../Engine/Content/EngineMaterials/DefaultTextMaterialOpaque.uexp" 300
"../../../Engine/Content/EngineMaterials/DefaultDiffuse.uasset" 301
"../../../Engine/Content/EngineMaterials/DefaultDiffuse.ubulk" 302
"../../../Engine/Content/EngineMaterials/DefaultDiffuse.uexp" 303
"../../../Engine/Content/Functions/Engine_MaterialFunctions02/Utility/BreakOutFloat2Components.uasset" 304
"../../../Engine/Content/Functions/Engine_MaterialFunctions02/Utility/BreakOutFloat2Components.uexp" 305
"../../../Engine/Content/EngineMaterials/DefaultPostProcessMaterial.uasset" 306
"../../../Engine/Content/EngineMaterials/DefaultPostProcessMaterial.uexp" 307
"../../../Engine/Content/EngineMaterials/DefaultLightFunctionMaterial.uasset" 308
"../../../Engine/Content/EngineMaterials/DefaultLightFunctionMaterial.uexp" 309
"../../../Engine/Content/EngineMaterials/BaseFlattenEmissiveMap_VT.uasset" 310
"../../../Engine/Content/EngineMaterials/BaseFlattenEmissiveMap_VT.uexp" 311
"../../../Engine/Content/EngineMaterials/BaseFlattenGrayscaleMap_VT.uasset" 312
"../../../Engine/Content/EngineMaterials/BaseFlattenGrayscaleMap_VT.uexp" 313
"../../../Engine/Content/EngineMaterials/BaseFlattenLinearColor_VT.uasset" 314
"../../../Engine/Content/EngineMaterials/BaseFlattenLinearColor_VT.uexp" 315
"../../../Engine/Content/EngineMaterials/Black_1x1_EXR_Texture_VT.uasset" 316
"../../../Engine/Content/EngineMaterials/Black_1x1_EXR_Texture_VT.uexp" 317
"../../../Engine/Content/EngineMaterials/BaseFlattenDiffuseMap_VT.uasset" 318
"../../../Engine/Content/EngineMaterials/BaseFlattenDiffuseMap_VT.uexp" 319
"../../../Engine/Content/EngineMaterials/BaseFlattenNormalMap_VT.uasset" 320
"../../../Engine/Content/EngineMaterials/BaseFlattenNormalMap_VT.uexp" 321
"../../../Engine/Content/EngineMaterials/FlattenMaterial_WS_Normal_VT.uasset" 322
"../../../Engine/Content/EngineMaterials/FlattenMaterial_WS_Normal_VT.uexp" 323
"../../../Engine/Content/EngineMaterials/FlattenMaterial_VT.uasset" 324
"../../../Engine/Content/EngineMaterials/FlattenMaterial_VT.uexp" 325
"../../../Engine/Content/EngineMaterials/BaseFlattenNormalMap.uasset" 326
"../../../Engine/Content/EngineMaterials/BaseFlattenNormalMap.uexp" 327
"../../../Engine/Content/EngineMaterials/BaseFlattenGrayscaleMap.uasset" 328
"../../../Engine/Content/EngineMaterials/BaseFlattenGrayscaleMap.uexp" 329
"../../../Engine/Content/EngineMaterials/BaseFlattenDiffuseMap.uasset" 330
"../../../Engine/Content/EngineMaterials/BaseFlattenDiffuseMap.uexp" 331
"../../../Engine/Content/Functions/Engine_MaterialFunctions02/PivotPainter2/Black_1x1_EXR_Texture.uasset" 332
"../../../Engine/Content/Functions/Engine_MaterialFunctions02/PivotPainter2/Black_1x1_EXR_Texture.uexp" 333
"../../../Engine/Content/EngineMaterials/BaseFlattenEmissiveMap.uasset" 334
"../../../Engine/Content/EngineMaterials/BaseFlattenEmissiveMap.uexp" 335
"../../../Engine/Content/EngineMaterials/BaseFlattenLinearColor.uasset" 336
"../../../Engine/Content/EngineMaterials/BaseFlattenLinearColor.uexp" 337
"../../../Engine/Content/EngineMaterials/FlattenMaterial.uasset" 338
"../../../Engine/Content/EngineMaterials/FlattenMaterial.uexp" 339
"../../../Engine/Content/EngineMaterials/DefaultPhysicalMaterial.uasset" 340
"../../../Engine/Content/EngineMaterials/DefaultPhysicalMaterial.uexp" 341
"../../../Engine/Content/EngineMaterials/DefaultDestructiblePhysicalMaterial.uasset" 342
"../../../Engine/Content/EngineMaterials/DefaultDestructiblePhysicalMaterial.uexp" 343
"../../../Engine/Content/EngineMaterials/STBlueNoise_vec2_128x128x64.uasset" 344
"../../../Engine/Content/EngineMaterials/STBlueNoise_vec2_128x128x64.uexp" 345
"../../../Engine/Content/EngineMaterials/DefaultDeferredDecalMaterial.uasset" 346
"../../../Engine/Content/EngineMaterials/DefaultDeferredDecalMaterial.uexp" 347
"../../../Engine/Content/EngineFonts/Faces/RobotoLight.uasset" 348
"../../../Engine/Content/EngineFonts/Faces/RobotoLight.ufont" 349
"../../../Engine/Content/EngineFonts/Faces/RobotoLight.uexp" 350
"../../../Engine/Content/EngineFonts/Faces/RobotoBold.uasset" 351
"../../../Engine/Content/EngineFonts/Faces/RobotoBold.ufont" 352
"../../../Engine/Content/EngineFonts/Faces/RobotoBold.uexp" 353
"../../../Engine/Content/EngineFonts/Faces/RobotoRegular.uasset" 354
"../../../Engine/Content/EngineFonts/Faces/RobotoRegular.ufont" 355
"../../../Engine/Content/EngineFonts/Faces/RobotoRegular.uexp" 356
"../../../Engine/Content/EngineFonts/Faces/DroidSansFallback.uasset" 357
"../../../Engine/Content/EngineFonts/Faces/DroidSansFallback.ufont" 358
"../../../Engine/Content/EngineFonts/Faces/DroidSansFallback.uexp" 359
"../../../Engine/Content/EngineFonts/Faces/RobotoItalic.uasset" 360
"../../../Engine/Content/EngineFonts/Faces/RobotoItalic.ufont" 361
"../../../Engine/Content/EngineFonts/Faces/RobotoItalic.uexp" 362
"../../../Engine/Content/EngineFonts/Faces/RobotoBoldItalic.uasset" 363
"../../../Engine/Content/EngineFonts/Faces/RobotoBoldItalic.ufont" 364
"../../../Engine/Content/EngineFonts/Faces/RobotoBoldItalic.uexp" 365
"../../../Engine/Content/EngineFonts/Roboto.uasset" 366
"../../../Engine/Content/EngineFonts/Roboto.uexp" 367
"../../../Engine/Content/Functions/Engine_MaterialFunctions02/Utility/CameraDirectionVector.uasset" 368
"../../../Engine/Content/Functions/Engine_MaterialFunctions02/Utility/CameraDirectionVector.uexp" 369
"../../../Engine/Content/EngineDebugMaterials/VolumeToRender.uasset" 370
"../../../Engine/Content/EngineDebugMaterials/VolumeToRender.uexp" 371
"../../../Engine/Content/EngineDebugMaterials/M_VolumeRenderSphereTracePP.uasset" 372
"../../../Engine/Content/EngineDebugMaterials/M_VolumeRenderSphereTracePP.uexp" 373
"../../../Engine/Content/EngineDebugMaterials/M_SimpleUnlitTranslucent.uasset" 374
"../../../Engine/Content/EngineDebugMaterials/M_SimpleUnlitTranslucent.uexp" 375
"../../../Engine/Content/EngineDebugMaterials/DebugMeshMaterial.uasset" 376
"../../../Engine/Content/EngineDebugMaterials/DebugMeshMaterial.uexp" 377
"../../../Engine/Content/EngineDebugMaterials/DebugEditorMaterial.uasset" 378
"../../../Engine/Content/EngineDebugMaterials/DebugEditorMaterial.uexp" 379
"../../../Engine/Content/EngineDamageTypes/DmgTypeBP_Environmental.uasset" 380
"../../../Engine/Content/EngineDamageTypes/DmgTypeBP_Environmental.uexp" 381
"../../../Engine/Content/EditorResources/EmptyActor.uasset" 382
"../../../Engine/Content/EditorResources/EmptyActor.uexp" 383
"../../../Engine/Plugins/Editor/SpeedTreeImporter/Content/SpeedTree9/SpeedTreeBillboard.uasset" 384
"../../../Engine/Plugins/Editor/SpeedTreeImporter/Content/SpeedTree9/SpeedTreeBillboard.uexp" 385
"../../../Engine/Plugins/Editor/SpeedTreeImporter/Content/SpeedTree9/SpeedTreeBillboardMaster.uasset" 386
"../../../Engine/Plugins/Editor/SpeedTreeImporter/Content/SpeedTree9/SpeedTreeBillboardMaster.uexp" 387
"../../../Engine/Content/EditorResources/S_Terrain.uasset" 388
"../../../Engine/Content/EditorResources/S_Terrain.ubulk" 389
"../../../Engine/Content/EditorResources/S_Terrain.uexp" 390
"../../../Engine/Content/EditorResources/BSPVertex.uasset" 391
"../../../Engine/Content/EditorResources/BSPVertex.uexp" 392
"../../../Engine/Content/EditorResources/SequenceRecorder/RecordingIndicator.uasset" 393
"../../../Engine/Content/EditorResources/SequenceRecorder/RecordingIndicator.uexp" 394
"../../../Engine/Content/EditorResources/SequenceRecorder/Countdown.uasset" 395
"../../../Engine/Content/EditorResources/SequenceRecorder/Countdown.uexp" 396
"../../../Engine/Content/EditorMaterials/PreviewShadowIndicator.uasset" 397
"../../../Engine/Content/EditorMaterials/PreviewShadowIndicator.ubulk" 398
"../../../Engine/Content/EditorMaterials/PreviewShadowIndicator.uexp" 399
"../../../Engine/Content/EditorMaterials/PreviewShadowIndicatorMaterial.uasset" 400
"../../../Engine/Content/EditorMaterials/PreviewShadowIndicatorMaterial.uexp" 401
"../../../Engine/Content/EditorMaterials/PhAT_UnselectedMaterial.uasset" 402
"../../../Engine/Content/EditorMaterials/PhAT_UnselectedMaterial.uexp" 403
"../../../Engine/Content/EditorMaterials/PhAT_NoCollisionMaterial.uasset" 404
"../../../Engine/Content/EditorMaterials/PhAT_NoCollisionMaterial.uexp" 405
"../../../Engine/Content/Functions/Engine_MaterialFunctions02/Utility/MakeFloat4.uasset" 406
"../../../Engine/Content/Functions/Engine_MaterialFunctions02/Utility/MakeFloat4.uexp" 407
"../../../Engine/Content/Functions/Engine_MaterialFunctions02/Utility/MakeFloat3.uasset" 408
"../../../Engine/Content/Functions/Engine_MaterialFunctions02/Utility/MakeFloat3.uexp" 409
"../../../Engine/Content/EditorMaterials/WorldPartition/WorldPartitionSpatialHashGridPreviewMaterial.uasset" 410
"../../../Engine/Content/EditorMaterials/WorldPartition/WorldPartitionSpatialHashGridPreviewMaterial.uexp" 411
"../../../Engine/Content/EditorLandscapeResources/DefaultAlphaTexture.uasset" 412
"../../../Engine/Content/EditorLandscapeResources/DefaultAlphaTexture.uexp" 413
"../../../Engine/Content/EditorLandscapeResources/DataLayer.uasset" 414
"../../../Engine/Content/EditorLandscapeResources/DataLayer.uexp" 415
"../../../Engine/Content/EngineMaterials/DefaultMaterial.uasset" 416
"../../../Engine/Content/EngineMaterials/DefaultMaterial.uexp" 417
"../../../Engine/Content/BasicShapes/Sphere.uasset" 418
"../../../Engine/Content/BasicShapes/Sphere.ubulk" 419
"../../../Engine/Content/BasicShapes/Sphere.uexp" 420
"../../../Engine/Content/BasicShapes/Plane.uasset" 421
"../../../Engine/Content/BasicShapes/Plane.ubulk" 422
"../../../Engine/Content/BasicShapes/Plane.uexp" 423
"../../../Engine/Content/BasicShapes/Cylinder.uasset" 424
"../../../Engine/Content/BasicShapes/Cylinder.ubulk" 425
"../../../Engine/Content/BasicShapes/Cylinder.uexp" 426
"../../../Engine/Content/BasicShapes/Cube.uasset" 427
"../../../Engine/Content/BasicShapes/Cube.ubulk" 428
"../../../Engine/Content/BasicShapes/Cube.uexp" 429
"../../../Engine/Content/BasicShapes/Cone.uasset" 430
"../../../Engine/Content/BasicShapes/Cone.ubulk" 431
"../../../Engine/Content/BasicShapes/Cone.uexp" 432
"../../../Engine/Content/Animation/DefaultRecorderBoneCompression.uasset" 433
"../../../Engine/Content/Animation/DefaultRecorderBoneCompression.uexp" 434
"../../../Engine/Plugins/Animation/ControlRig/Content/M_Manip.uasset" 435
"../../../Engine/Plugins/Animation/ControlRig/Content/M_Manip.uexp" 436
"../../../Engine/Plugins/Animation/ControlRig/Content/Controls/ControlRigXRayMaterial.uasset" 437
"../../../Engine/Plugins/Animation/ControlRig/Content/Controls/ControlRigXRayMaterial.uexp" 438
"../../../Engine/Plugins/Animation/ControlRig/Content/Controls/ControlRig_Wedge_solid.uasset" 439
"../../../Engine/Plugins/Animation/ControlRig/Content/Controls/ControlRig_Wedge_solid.ubulk" 440
"../../../Engine/Plugins/Animation/ControlRig/Content/Controls/ControlRig_Wedge_solid.uexp" 441
"../../../Engine/Plugins/Animation/ControlRig/Content/Controls/ControlRig_Wedge_3mm.uasset" 442
"../../../Engine/Plugins/Animation/ControlRig/Content/Controls/ControlRig_Wedge_3mm.ubulk" 443
"../../../Engine/Plugins/Animation/ControlRig/Content/Controls/ControlRig_Wedge_3mm.uexp" 444
"../../../Engine/Plugins/Animation/ControlRig/Content/Controls/ControlRig_Wedge_1mm.uasset" 445
"../../../Engine/Plugins/Animation/ControlRig/Content/Controls/ControlRig_Wedge_1mm.ubulk" 446
"../../../Engine/Plugins/Animation/ControlRig/Content/Controls/ControlRig_Wedge_1mm.uexp" 447
"../../../Engine/Plugins/Animation/ControlRig/Content/Controls/ControlRig_Triangle_solid.uasset" 448
"../../../Engine/Plugins/Animation/ControlRig/Content/Controls/ControlRig_Triangle_solid.ubulk" 449
"../../../Engine/Plugins/Animation/ControlRig/Content/Controls/ControlRig_Triangle_solid.uexp" 450
"../../../Engine/Plugins/Animation/ControlRig/Content/Controls/ControlRig_Triangle_3mm.uasset" 451
"../../../Engine/Plugins/Animation/ControlRig/Content/Controls/ControlRig_Triangle_3mm.ubulk" 452
"../../../Engine/Plugins/Animation/ControlRig/Content/Controls/ControlRig_Triangle_3mm.uexp" 453
"../../../Engine/Plugins/Animation/ControlRig/Content/Controls/ControlRig_Triangle_1mm.uasset" 454
"../../../Engine/Plugins/Animation/ControlRig/Content/Controls/ControlRig_Triangle_1mm.ubulk" 455
"../../../Engine/Plugins/Animation/ControlRig/Content/Controls/ControlRig_Triangle_1mm.uexp" 456
"../../../Engine/Plugins/Animation/ControlRig/Content/Controls/ControlRig_Star4_solid.uasset" 457
"../../../Engine/Plugins/Animation/ControlRig/Content/Controls/ControlRig_Star4_solid.ubulk" 458
"../../../Engine/Plugins/Animation/ControlRig/Content/Controls/ControlRig_Star4_solid.uexp" 459
"../../../Engine/Plugins/Animation/ControlRig/Content/Controls/ControlRig_Star4_3mm.uasset" 460
"../../../Engine/Plugins/Animation/ControlRig/Content/Controls/ControlRig_Star4_3mm.ubulk" 461
"../../../Engine/Plugins/Animation/ControlRig/Content/Controls/ControlRig_Star4_3mm.uexp" 462
"../../../Engine/Plugins/Animation/ControlRig/Content/Controls/ControlRig_Star4_1mm.uasset" 463
"../../../Engine/Plugins/Animation/ControlRig/Content/Controls/ControlRig_Star4_1mm.ubulk" 464
"../../../Engine/Plugins/Animation/ControlRig/Content/Controls/ControlRig_Star4_1mm.uexp" 465
"../../../Engine/Plugins/Animation/ControlRig/Content/Controls/ControlRig_Square_solid.uasset" 466
"../../../Engine/Plugins/Animation/ControlRig/Content/Controls/ControlRig_Square_solid.ubulk" 467
"../../../Engine/Plugins/Animation/ControlRig/Content/Controls/ControlRig_Square_solid.uexp" 468
"../../../Engine/Plugins/Animation/ControlRig/Content/Controls/ControlRig_Square_3mm.uasset" 469
"../../../Engine/Plugins/Animation/ControlRig/Content/Controls/ControlRig_Square_3mm.ubulk" 470
"../../../Engine/Plugins/Animation/ControlRig/Content/Controls/ControlRig_Square_3mm.uexp" 471
"../../../Engine/Plugins/Animation/ControlRig/Content/Controls/ControlRig_Square_1mm.uasset" 472
"../../../Engine/Plugins/Animation/ControlRig/Content/Controls/ControlRig_Square_1mm.ubulk" 473
"../../../Engine/Plugins/Animation/ControlRig/Content/Controls/ControlRig_Square_1mm.uexp" 474
"../../../Engine/Plugins/Animation/ControlRig/Content/Controls/ControlRig_Sphere_solid.uasset" 475
"../../../Engine/Plugins/Animation/ControlRig/Content/Controls/ControlRig_Sphere_solid.ubulk" 476
"../../../Engine/Plugins/Animation/ControlRig/Content/Controls/ControlRig_Sphere_solid.uexp" 477
"../../../Engine/Plugins/Animation/ControlRig/Content/Controls/ControlRig_Sphere_3mm.uasset" 478
"../../../Engine/Plugins/Animation/ControlRig/Content/Controls/ControlRig_Sphere_3mm.ubulk" 479
"../../../Engine/Plugins/Animation/ControlRig/Content/Controls/ControlRig_Sphere_3mm.uexp" 480
"../../../Engine/Plugins/Animation/ControlRig/Content/Controls/ControlRig_Sphere_1mm.uasset" 481
"../../../Engine/Plugins/Animation/ControlRig/Content/Controls/ControlRig_Sphere_1mm.ubulk" 482
"../../../Engine/Plugins/Animation/ControlRig/Content/Controls/ControlRig_Sphere_1mm.uexp" 483
"../../../Engine/Plugins/Animation/ControlRig/Content/Controls/ControlRig_RoundedTriangle_solid.uasset" 484
"../../../Engine/Plugins/Animation/ControlRig/Content/Controls/ControlRig_RoundedTriangle_solid.ubulk" 485
"../../../Engine/Plugins/Animation/ControlRig/Content/Controls/ControlRig_RoundedTriangle_solid.uexp" 486
"../../../Engine/Plugins/Animation/ControlRig/Content/Controls/ControlRig_RoundedTriangle_3mm.uasset" 487
"../../../Engine/Plugins/Animation/ControlRig/Content/Controls/ControlRig_RoundedTriangle_3mm.ubulk" 488
"../../../Engine/Plugins/Animation/ControlRig/Content/Controls/ControlRig_RoundedTriangle_3mm.uexp" 489
"../../../Engine/Plugins/Animation/ControlRig/Content/Controls/ControlRig_RoundedTriangle_1mm.uasset" 490
"../../../Engine/Plugins/Animation/ControlRig/Content/Controls/ControlRig_RoundedTriangle_1mm.ubulk" 491
"../../../Engine/Plugins/Animation/ControlRig/Content/Controls/ControlRig_RoundedTriangle_1mm.uexp" 492
"../../../Engine/Plugins/Animation/ControlRig/Content/Controls/ControlRig_RoundedSquare_solid.uasset" 493
"../../../Engine/Plugins/Animation/ControlRig/Content/Controls/ControlRig_RoundedSquare_solid.ubulk" 494
"../../../Engine/Plugins/Animation/ControlRig/Content/Controls/ControlRig_RoundedSquare_solid.uexp" 495
"../../../Engine/Plugins/Animation/ControlRig/Content/Controls/ControlRig_RoundedSquare_3mm.uasset" 496
"../../../Engine/Plugins/Animation/ControlRig/Content/Controls/ControlRig_RoundedSquare_3mm.ubulk" 497
"../../../Engine/Plugins/Animation/ControlRig/Content/Controls/ControlRig_RoundedSquare_3mm.uexp" 498
"../../../Engine/Plugins/Animation/ControlRig/Content/Controls/ControlRig_RoundedSquare_1mm.uasset" 499
"../../../Engine/Plugins/Animation/ControlRig/Content/Controls/ControlRig_RoundedSquare_1mm.ubulk" 500
"../../../Engine/Plugins/Animation/ControlRig/Content/Controls/ControlRig_RoundedSquare_1mm.uexp" 501
"../../../Engine/Plugins/Animation/ControlRig/Content/Controls/ControlRig_QuarterCircle_solid.uasset" 502
"../../../Engine/Plugins/Animation/ControlRig/Content/Controls/ControlRig_QuarterCircle_solid.ubulk" 503
"../../../Engine/Plugins/Animation/ControlRig/Content/Controls/ControlRig_QuarterCircle_solid.uexp" 504
"../../../Engine/Plugins/Animation/ControlRig/Content/Controls/ControlRig_QuarterCircle_3mm.uasset" 505
"../../../Engine/Plugins/Animation/ControlRig/Content/Controls/ControlRig_QuarterCircle_3mm.ubulk" 506
"../../../Engine/Plugins/Animation/ControlRig/Content/Controls/ControlRig_QuarterCircle_3mm.uexp" 507
"../../../Engine/Plugins/Animation/ControlRig/Content/Controls/ControlRig_QuarterCircle_1mm.uasset" 508
"../../../Engine/Plugins/Animation/ControlRig/Content/Controls/ControlRig_QuarterCircle_1mm.ubulk" 509
"../../../Engine/Plugins/Animation/ControlRig/Content/Controls/ControlRig_QuarterCircle_1mm.uexp" 510
"../../../Engine/Plugins/Animation/ControlRig/Content/Controls/ControlRig_Pyramid_solid.uasset" 511
"../../../Engine/Plugins/Animation/ControlRig/Content/Controls/ControlRig_Pyramid_solid.ubulk" 512
"../../../Engine/Plugins/Animation/ControlRig/Content/Controls/ControlRig_Pyramid_solid.uexp" 513
"../../../Engine/Plugins/Animation/ControlRig/Content/Controls/ControlRig_Pyramid_3mm.uasset" 514
"../../../Engine/Plugins/Animation/ControlRig/Content/Controls/ControlRig_Pyramid_3mm.ubulk" 515
"../../../Engine/Plugins/Animation/ControlRig/Content/Controls/ControlRig_Pyramid_3mm.uexp" 516
"../../../Engine/Plugins/Animation/ControlRig/Content/Controls/ControlRig_Pyramid_1mm.uasset" 517
"../../../Engine/Plugins/Animation/ControlRig/Content/Controls/ControlRig_Pyramid_1mm.ubulk" 518
"../../../Engine/Plugins/Animation/ControlRig/Content/Controls/ControlRig_Pyramid_1mm.uexp" 519
"../../../Engine/Plugins/Animation/ControlRig/Content/Controls/ControlRig_Octagon_solid.uasset" 520
"../../../Engine/Plugins/Animation/ControlRig/Content/Controls/ControlRig_Octagon_solid.ubulk" 521
"../../../Engine/Plugins/Animation/ControlRig/Content/Controls/ControlRig_Octagon_solid.uexp" 522
"../../../Engine/Plugins/Animation/ControlRig/Content/Controls/ControlRig_Octagon_3mm.uasset" 523
"../../../Engine/Plugins/Animation/ControlRig/Content/Controls/ControlRig_Octagon_3mm.ubulk" 524
"../../../Engine/Plugins/Animation/ControlRig/Content/Controls/ControlRig_Octagon_3mm.uexp" 525
"../../../Engine/Plugins/Animation/ControlRig/Content/Controls/ControlRig_Octagon_1mm.uasset" 526
"../../../Engine/Plugins/Animation/ControlRig/Content/Controls/ControlRig_Octagon_1mm.ubulk" 527
"../../../Engine/Plugins/Animation/ControlRig/Content/Controls/ControlRig_Octagon_1mm.uexp" 528
"../../../Engine/Plugins/Animation/ControlRig/Content/Controls/ControlRig_Hexagon_solid.uasset" 529
"../../../Engine/Plugins/Animation/ControlRig/Content/Controls/ControlRig_Hexagon_solid.ubulk" 530
"../../../Engine/Plugins/Animation/ControlRig/Content/Controls/ControlRig_Hexagon_solid.uexp" 531
"../../../Engine/Plugins/Animation/ControlRig/Content/Controls/ControlRig_Hexagon_3mm.uasset" 532
"../../../Engine/Plugins/Animation/ControlRig/Content/Controls/ControlRig_Hexagon_3mm.ubulk" 533
"../../../Engine/Plugins/Animation/ControlRig/Content/Controls/ControlRig_Hexagon_3mm.uexp" 534
"../../../Engine/Plugins/Animation/ControlRig/Content/Controls/ControlRig_Hexagon_1mm.uasset" 535
"../../../Engine/Plugins/Animation/ControlRig/Content/Controls/ControlRig_Hexagon_1mm.ubulk" 536
"../../../Engine/Plugins/Animation/ControlRig/Content/Controls/ControlRig_Hexagon_1mm.uexp" 537
"../../../Engine/Plugins/Animation/ControlRig/Content/Controls/ControlRig_HalfCircle_solid.uasset" 538
"../../../Engine/Plugins/Animation/ControlRig/Content/Controls/ControlRig_HalfCircle_solid.ubulk" 539
"../../../Engine/Plugins/Animation/ControlRig/Content/Controls/ControlRig_HalfCircle_solid.uexp" 540
"../../../Engine/Plugins/Animation/ControlRig/Content/Controls/ControlRig_HalfCircle_3mm.uasset" 541
"../../../Engine/Plugins/Animation/ControlRig/Content/Controls/ControlRig_HalfCircle_3mm.ubulk" 542
"../../../Engine/Plugins/Animation/ControlRig/Content/Controls/ControlRig_HalfCircle_3mm.uexp" 543
"../../../Engine/Plugins/Animation/ControlRig/Content/Controls/ControlRig_HalfCircle_1mm.uasset" 544
"../../../Engine/Plugins/Animation/ControlRig/Content/Controls/ControlRig_HalfCircle_1mm.ubulk" 545
"../../../Engine/Plugins/Animation/ControlRig/Content/Controls/ControlRig_HalfCircle_1mm.uexp" 546
"../../../Engine/Plugins/Animation/ControlRig/Content/Controls/ControlRig_Diamond_solid.uasset" 547
"../../../Engine/Plugins/Animation/ControlRig/Content/Controls/ControlRig_Diamond_solid.ubulk" 548
"../../../Engine/Plugins/Animation/ControlRig/Content/Controls/ControlRig_Diamond_solid.uexp" 549
"../../../Engine/Plugins/Animation/ControlRig/Content/Controls/ControlRig_Diamond_3mm.uasset" 550
"../../../Engine/Plugins/Animation/ControlRig/Content/Controls/ControlRig_Diamond_3mm.ubulk" 551
"../../../Engine/Plugins/Animation/ControlRig/Content/Controls/ControlRig_Diamond_3mm.uexp" 552
"../../../Engine/Plugins/Animation/ControlRig/Content/Controls/ControlRig_Diamond_1mm.uasset" 553
"../../../Engine/Plugins/Animation/ControlRig/Content/Controls/ControlRig_Diamond_1mm.ubulk" 554
"../../../Engine/Plugins/Animation/ControlRig/Content/Controls/ControlRig_Diamond_1mm.uexp" 555
"../../../Engine/Plugins/Animation/ControlRig/Content/Controls/ControlRig_Circle_solid.uasset" 556
"../../../Engine/Plugins/Animation/ControlRig/Content/Controls/ControlRig_Circle_solid.ubulk" 557
"../../../Engine/Plugins/Animation/ControlRig/Content/Controls/ControlRig_Circle_solid.uexp" 558
"../../../Engine/Plugins/Animation/ControlRig/Content/Controls/ControlRig_Circle_3mm.uasset" 559
"../../../Engine/Plugins/Animation/ControlRig/Content/Controls/ControlRig_Circle_3mm.ubulk" 560
"../../../Engine/Plugins/Animation/ControlRig/Content/Controls/ControlRig_Circle_3mm.uexp" 561
"../../../Engine/Plugins/Animation/ControlRig/Content/Controls/ControlRig_Circle_1mm.uasset" 562
"../../../Engine/Plugins/Animation/ControlRig/Content/Controls/ControlRig_Circle_1mm.ubulk" 563
"../../../Engine/Plugins/Animation/ControlRig/Content/Controls/ControlRig_Circle_1mm.uexp" 564
"../../../Engine/Plugins/Animation/ControlRig/Content/Controls/ControlRig_Box_solid.uasset" 565
"../../../Engine/Plugins/Animation/ControlRig/Content/Controls/ControlRig_Box_solid.ubulk" 566
"../../../Engine/Plugins/Animation/ControlRig/Content/Controls/ControlRig_Box_solid.uexp" 567
"../../../Engine/Plugins/Animation/ControlRig/Content/Controls/ControlRig_Box_3mm.uasset" 568
"../../../Engine/Plugins/Animation/ControlRig/Content/Controls/ControlRig_Box_3mm.ubulk" 569
"../../../Engine/Plugins/Animation/ControlRig/Content/Controls/ControlRig_Box_3mm.uexp" 570
"../../../Engine/Plugins/Animation/ControlRig/Content/Controls/ControlRig_Box_1mm.uasset" 571
"../../../Engine/Plugins/Animation/ControlRig/Content/Controls/ControlRig_Box_1mm.ubulk" 572
"../../../Engine/Plugins/Animation/ControlRig/Content/Controls/ControlRig_Box_1mm.uexp" 573
"../../../Engine/Plugins/Animation/ControlRig/Content/Controls/ControlRig_Arrow_solid.uasset" 574
"../../../Engine/Plugins/Animation/ControlRig/Content/Controls/ControlRig_Arrow_solid.ubulk" 575
"../../../Engine/Plugins/Animation/ControlRig/Content/Controls/ControlRig_Arrow_solid.uexp" 576
"../../../Engine/Plugins/Animation/ControlRig/Content/Controls/ControlRig_Arrow_3mm.uasset" 577
"../../../Engine/Plugins/Animation/ControlRig/Content/Controls/ControlRig_Arrow_3mm.ubulk" 578
"../../../Engine/Plugins/Animation/ControlRig/Content/Controls/ControlRig_Arrow_3mm.uexp" 579
"../../../Engine/Plugins/Animation/ControlRig/Content/Controls/ControlRig_Arrow_1mm.uasset" 580
"../../../Engine/Plugins/Animation/ControlRig/Content/Controls/ControlRig_Arrow_1mm.ubulk" 581
"../../../Engine/Plugins/Animation/ControlRig/Content/Controls/ControlRig_Arrow_1mm.uexp" 582
"../../../Engine/Plugins/Animation/ControlRig/Content/Controls/ControlRig_Arrow4_solid.uasset" 583
"../../../Engine/Plugins/Animation/ControlRig/Content/Controls/ControlRig_Arrow4_solid.ubulk" 584
"../../../Engine/Plugins/Animation/ControlRig/Content/Controls/ControlRig_Arrow4_solid.uexp" 585
"../../../Engine/Plugins/Animation/ControlRig/Content/Controls/ControlRig_Arrow4_3mm.uasset" 586
"../../../Engine/Plugins/Animation/ControlRig/Content/Controls/ControlRig_Arrow4_3mm.ubulk" 587
"../../../Engine/Plugins/Animation/ControlRig/Content/Controls/ControlRig_Arrow4_3mm.uexp" 588
"../../../Engine/Plugins/Animation/ControlRig/Content/Controls/ControlRig_Arrow4_1mm.uasset" 589
"../../../Engine/Plugins/Animation/ControlRig/Content/Controls/ControlRig_Arrow4_1mm.ubulk" 590
"../../../Engine/Plugins/Animation/ControlRig/Content/Controls/ControlRig_Arrow4_1mm.uexp" 591
"../../../Engine/Plugins/Animation/ControlRig/Content/Controls/ControlRig_Arrow2_solid.uasset" 592
"../../../Engine/Plugins/Animation/ControlRig/Content/Controls/ControlRig_Arrow2_solid.ubulk" 593
"../../../Engine/Plugins/Animation/ControlRig/Content/Controls/ControlRig_Arrow2_solid.uexp" 594
"../../../Engine/Plugins/Animation/ControlRig/Content/Controls/ControlRig_Arrow2_3mm.uasset" 595
"../../../Engine/Plugins/Animation/ControlRig/Content/Controls/ControlRig_Arrow2_3mm.ubulk" 596
"../../../Engine/Plugins/Animation/ControlRig/Content/Controls/ControlRig_Arrow2_3mm.uexp" 597
"../../../Engine/Plugins/Animation/ControlRig/Content/Controls/ControlRig_Arrow2_1mm.uasset" 598
"../../../Engine/Plugins/Animation/ControlRig/Content/Controls/ControlRig_Arrow2_1mm.ubulk" 599
"../../../Engine/Plugins/Animation/ControlRig/Content/Controls/ControlRig_Arrow2_1mm.uexp" 600
"../../../Engine/Plugins/Animation/ControlRig/Content/Controls/ControlRigGizmoMaterial.uasset" 601
"../../../Engine/Plugins/Animation/ControlRig/Content/Controls/ControlRigGizmoMaterial.uexp" 602
"../../../Engine/Plugins/Animation/ControlRig/Content/Controls/DefaultGizmoLibraryNormalized.uasset" 603
"../../../Engine/Plugins/Animation/ControlRig/Content/Controls/DefaultGizmoLibraryNormalized.uexp" 604
"../../../Engine/Plugins/2D/Paper2D/Content/PlaceholderTextures/DummySpriteTexture.uasset" 605
"../../../Engine/Plugins/2D/Paper2D/Content/PlaceholderTextures/DummySpriteTexture.ubulk" 606
"../../../Engine/Plugins/2D/Paper2D/Content/PlaceholderTextures/DummySpriteTexture.uexp" 607
"../../../Engine/Plugins/2D/Paper2D/Content/DefaultSpriteMaterial.uasset" 608
"../../../Engine/Plugins/2D/Paper2D/Content/DefaultSpriteMaterial.uexp" 609
"../../../Engine/Plugins/2D/Paper2D/Content/OpaqueUnlitSpriteMaterial.uasset" 610
"../../../Engine/Plugins/2D/Paper2D/Content/OpaqueUnlitSpriteMaterial.uexp" 611
"../../../Engine/Plugins/2D/Paper2D/Content/MaskedUnlitSpriteMaterial.uasset" 612
"../../../Engine/Plugins/2D/Paper2D/Content/MaskedUnlitSpriteMaterial.uexp" 613
"../../../Engine/Plugins/2D/Paper2D/Content/DummySprite.uasset" 614
"../../../Engine/Plugins/2D/Paper2D/Content/DummySprite.uexp" 615
"../../../Engine/Plugins/2D/Paper2D/Content/DefaultPaperTerrainMaterial.uasset" 616
"../../../Engine/Plugins/2D/Paper2D/Content/DefaultPaperTerrainMaterial.uexp" 617
"../../../Engine/Content/Maps/Templates/HLODs/HLODLayer_Merged.uasset" 618
"../../../Engine/Content/Maps/Templates/HLODs/HLODLayer_Merged.uexp" 619
"../../../Engine/Plugins/Runtime/MeshModelingToolset/Content/Materials/M_DynamicMeshComponentVtxColor.uasset" 620
"../../../Engine/Plugins/Runtime/MeshModelingToolset/Content/Materials/M_DynamicMeshComponentVtxColor.uexp" 621
"../../../Engine/Plugins/Interchange/Runtime/Content/Pipelines/DefaultTexturePipeline.uasset" 622
"../../../Engine/Plugins/Interchange/Runtime/Content/Pipelines/DefaultTexturePipeline.uexp" 623
"../../../Engine/Plugins/Interchange/Runtime/Content/Pipelines/DefaultSceneAssetsPipeline.uasset" 624
"../../../Engine/Plugins/Interchange/Runtime/Content/Pipelines/DefaultSceneAssetsPipeline.uexp" 625
"../../../Engine/Plugins/Interchange/Runtime/Content/Pipelines/DefaultAssetsPipeline.uasset" 626
"../../../Engine/Plugins/Interchange/Runtime/Content/Pipelines/DefaultAssetsPipeline.uexp" 627
"../../../Engine/Plugins/Interchange/Runtime/Content/Pipelines/DefaultSceneLevelPipeline.uasset" 628
"../../../Engine/Plugins/Interchange/Runtime/Content/Pipelines/DefaultSceneLevelPipeline.uexp" 629
"../../../Engine/Plugins/Interchange/Runtime/Content/Pipelines/DefaultMaterialPipeline.uasset" 630
"../../../Engine/Plugins/Interchange/Runtime/Content/Pipelines/DefaultMaterialPipeline.uexp" 631
"../../../Engine/Content/EngineMaterials/DefaultNormal.uasset" 632
"../../../Engine/Content/EngineMaterials/DefaultNormal.ubulk" 633
"../../../Engine/Content/EngineMaterials/DefaultNormal.uexp" 634
"../../../Engine/Plugins/Interchange/Runtime/Content/Materials/MapOrScalarFunction.uasset" 635
"../../../Engine/Plugins/Interchange/Runtime/Content/Materials/MapOrScalarFunction.uexp" 636
"../../../Engine/Plugins/Interchange/Runtime/Content/Materials/MapOrLinearColorFunction.uasset" 637
"../../../Engine/Plugins/Interchange/Runtime/Content/Materials/MapOrLinearColorFunction.uexp" 638
"../../../Engine/Plugins/Interchange/Runtime/Content/Materials/MapOrColorFunction.uasset" 639
"../../../Engine/Plugins/Interchange/Runtime/Content/Materials/MapOrColorFunction.uexp" 640
"../../../Engine/Plugins/Interchange/Runtime/Content/Materials/CommonMaterial.uasset" 641
"../../../Engine/Plugins/Interchange/Runtime/Content/Materials/CommonMaterial.uexp" 642
"../../../Engine/Plugins/Interchange/Runtime/Content/Materials/PBRSurfaceFunction.uasset" 643
"../../../Engine/Plugins/Interchange/Runtime/Content/Materials/PBRSurfaceFunction.uexp" 644
"../../../Engine/Plugins/Interchange/Runtime/Content/Materials/ThinTranslucentMaterial.uasset" 645
"../../../Engine/Plugins/Interchange/Runtime/Content/Materials/ThinTranslucentMaterial.uexp" 646
"../../../Engine/Content/Functions/Engine_MaterialFunctions01/Shading/ConvertFromDiffSpec.uasset" 647
"../../../Engine/Content/Functions/Engine_MaterialFunctions01/Shading/ConvertFromDiffSpec.uexp" 648
"../../../Engine/Plugins/Interchange/Runtime/Content/Materials/PhongSurfaceMaterial.uasset" 649
"../../../Engine/Plugins/Interchange/Runtime/Content/Materials/PhongSurfaceMaterial.uexp" 650
"../../../Engine/Plugins/Interchange/Runtime/Content/Materials/PBRSurfaceMaterial.uasset" 651
"../../../Engine/Plugins/Interchange/Runtime/Content/Materials/PBRSurfaceMaterial.uexp" 652
"../../../Engine/Plugins/Interchange/Runtime/Content/Materials/LambertSurfaceMaterial.uasset" 653
"../../../Engine/Plugins/Interchange/Runtime/Content/Materials/LambertSurfaceMaterial.uexp" 654
"../../../Engine/Plugins/Interchange/Runtime/Content/Materials/ClearCoatMaterial.uasset" 655
"../../../Engine/Plugins/Interchange/Runtime/Content/Materials/ClearCoatMaterial.uexp" 656
"../../../Engine/Content/EngineMaterials/FlatNormal.uasset" 657
"../../../Engine/Content/EngineMaterials/FlatNormal.uexp" 658
"../../../Engine/Plugins/Interchange/Runtime/Content/Functions/MF_OrenNayerView.uasset" 659
"../../../Engine/Plugins/Interchange/Runtime/Content/Functions/MF_OrenNayerView.uexp" 660
"../../../Engine/Content/EditorLandscapeResources/WhiteSquareTexture.uasset" 661
"../../../Engine/Content/EditorLandscapeResources/WhiteSquareTexture.uexp" 662
"../../../Engine/Plugins/Interchange/Runtime/Content/Functions/MF_SchlickApprox.uasset" 663
"../../../Engine/Plugins/Interchange/Runtime/Content/Functions/MF_SchlickApprox.uexp" 664
"../../../Engine/Plugins/Interchange/Runtime/Content/Utilities/New_LUT.uasset" 665
"../../../Engine/Plugins/Interchange/Runtime/Content/Utilities/New_LUT.uexp" 666
"../../../Engine/Content/Functions/Engine_MaterialFunctions03/Math/RemapValueRange.uasset" 667
"../../../Engine/Content/Functions/Engine_MaterialFunctions03/Math/RemapValueRange.uexp" 668
"../../../Engine/Plugins/Interchange/Runtime/Content/Functions/MF_Iridescence.uasset" 669
"../../../Engine/Plugins/Interchange/Runtime/Content/Functions/MF_Iridescence.uexp" 670
"../../../Engine/Plugins/Interchange/Runtime/Content/Materials/OrenNayerMaterial.uasset" 671
"../../../Engine/Plugins/Interchange/Runtime/Content/Materials/OrenNayerMaterial.uexp" 672
"../../../Engine/Plugins/Interchange/Runtime/Content/Materials/UnlitMaterial.uasset" 673
"../../../Engine/Plugins/Interchange/Runtime/Content/Materials/UnlitMaterial.uexp" 674
"../../../Engine/Plugins/Interchange/Runtime/Content/Materials/SubsurfaceMaterial.uasset" 675
"../../../Engine/Plugins/Interchange/Runtime/Content/Materials/SubsurfaceMaterial.uexp" 676
"../../../Engine/Plugins/Interchange/Runtime/Content/Materials/SheenMaterial.uasset" 677
"../../../Engine/Plugins/Interchange/Runtime/Content/Materials/SheenMaterial.uexp" 678
"../../../Engine/Plugins/Interchange/Runtime/Content/gltf/Textures/T_Gray_Linear.uasset" 679
"../../../Engine/Plugins/Interchange/Runtime/Content/gltf/Textures/T_Gray_Linear.uexp" 680
"../../../Engine/Plugins/Interchange/Runtime/Content/gltf/Textures/T_Black_srgb.uasset" 681
"../../../Engine/Plugins/Interchange/Runtime/Content/gltf/Textures/T_Black_srgb.uexp" 682
"../../../Engine/Plugins/Interchange/Runtime/Content/gltf/MaterialFunctions/MF_RotateV2.uasset" 683
"../../../Engine/Plugins/Interchange/Runtime/Content/gltf/MaterialFunctions/MF_RotateV2.uexp" 684
"../../../Engine/Plugins/Interchange/Runtime/Content/gltf/MaterialFunctions/MF_TransformUVs.uasset" 685
"../../../Engine/Plugins/Interchange/Runtime/Content/gltf/MaterialFunctions/MF_TransformUVs.uexp" 686
"../../../Engine/Plugins/Interchange/Runtime/Content/gltf/Textures/T_White_srgb.uasset" 687
"../../../Engine/Plugins/Interchange/Runtime/Content/gltf/Textures/T_White_srgb.uexp" 688
"../../../Engine/Plugins/Interchange/Runtime/Content/gltf/MaterialFunctions/MF_BaseColor.uasset" 689
"../../../Engine/Plugins/Interchange/Runtime/Content/gltf/MaterialFunctions/MF_BaseColor.uexp" 690
"../../../Engine/Plugins/Interchange/Runtime/Content/gltf/MaterialFunctions/MF_DiffuseSpecGloss.uasset" 691
"../../../Engine/Plugins/Interchange/Runtime/Content/gltf/MaterialFunctions/MF_DiffuseSpecGloss.uexp" 692
"../../../Engine/Plugins/Interchange/Runtime/Content/gltf/Textures/T_White_Linear.uasset" 693
"../../../Engine/Plugins/Interchange/Runtime/Content/gltf/Textures/T_White_Linear.uexp" 694
"../../../Engine/Plugins/Interchange/Runtime/Content/gltf/MaterialFunctions/MF_MetallicRoughness.uasset" 695
"../../../Engine/Plugins/Interchange/Runtime/Content/gltf/MaterialFunctions/MF_MetallicRoughness.uexp" 696
"../../../Engine/Plugins/Interchange/Runtime/Content/gltf/MaterialFunctions/MF_Transmission.uasset" 697
"../../../Engine/Plugins/Interchange/Runtime/Content/gltf/MaterialFunctions/MF_Transmission.uexp" 698
"../../../Engine/Plugins/Interchange/Runtime/Content/gltf/MaterialFunctions/MF_Occlusion.uasset" 699
"../../../Engine/Plugins/Interchange/Runtime/Content/gltf/MaterialFunctions/MF_Occlusion.uexp" 700
"../../../Engine/Content/Functions/Engine_MaterialFunctions02/Texturing/CustomRotator.uasset" 701
"../../../Engine/Content/Functions/Engine_MaterialFunctions02/Texturing/CustomRotator.uexp" 702
"../../../Engine/Content/Functions/Engine_MaterialFunctions02/Texturing/ScreenAlignedPixelToPixelUVs.uasset" 703
"../../../Engine/Content/Functions/Engine_MaterialFunctions02/Texturing/ScreenAlignedPixelToPixelUVs.uexp" 704
"../../../Engine/Plugins/Interchange/Runtime/Content/Utilities/T_Bayer64_Grayscale_64px.uasset" 705
"../../../Engine/Plugins/Interchange/Runtime/Content/Utilities/T_Bayer64_Grayscale_64px.uexp" 706
"../../../Engine/Plugins/Interchange/Runtime/Content/gltf/MaterialFunctions/MF_Temporal_Blur.uasset" 707
"../../../Engine/Plugins/Interchange/Runtime/Content/gltf/MaterialFunctions/MF_Temporal_Blur.uexp" 708
"../../../Engine/Plugins/Interchange/Runtime/Content/gltf/MaterialFunctions/MF_Specular.uasset" 709
"../../../Engine/Plugins/Interchange/Runtime/Content/gltf/MaterialFunctions/MF_Specular.uexp" 710
"../../../Engine/Plugins/Interchange/Runtime/Content/gltf/MaterialFunctions/MF_IOR.uasset" 711
"../../../Engine/Plugins/Interchange/Runtime/Content/gltf/MaterialFunctions/MF_IOR.uexp" 712
"../../../Engine/Plugins/Interchange/Runtime/Content/gltf/MaterialFunctions/MF_Fresnel_DS.uasset" 713
"../../../Engine/Plugins/Interchange/Runtime/Content/gltf/MaterialFunctions/MF_Fresnel_DS.uexp" 714
"../../../Engine/Content/Functions/Engine_MaterialFunctions01/Texturing/FlattenNormal.uasset" 715
"../../../Engine/Content/Functions/Engine_MaterialFunctions01/Texturing/FlattenNormal.uexp" 716
"../../../Engine/Content/Functions/Engine_MaterialFunctions02/Math/Transform3x3Matrix.uasset" 717
"../../../Engine/Content/Functions/Engine_MaterialFunctions02/Math/Transform3x3Matrix.uexp" 718
"../../../Engine/Plugins/Interchange/Runtime/Content/gltf/MaterialFunctions/MF_RotateNormals_TS.uasset" 719
"../../../Engine/Plugins/Interchange/Runtime/Content/gltf/MaterialFunctions/MF_RotateNormals_TS.uexp" 720
"../../../Engine/Plugins/Interchange/Runtime/Content/gltf/Textures/T_Generic_N.uasset" 721
"../../../Engine/Plugins/Interchange/Runtime/Content/gltf/Textures/T_Generic_N.uexp" 722
"../../../Engine/Plugins/Interchange/Runtime/Content/gltf/MaterialFunctions/MF_Normals.uasset" 723
"../../../Engine/Plugins/Interchange/Runtime/Content/gltf/MaterialFunctions/MF_Normals.uexp" 724
"../../../Engine/Content/Functions/Engine_MaterialFunctions02/Math/AddComponents.uasset" 725
"../../../Engine/Content/Functions/Engine_MaterialFunctions02/Math/AddComponents.uexp" 726
"../../../Engine/Plugins/Interchange/Runtime/Content/gltf/MaterialFunctions/MF_PerceivedBrightness.uasset" 727
"../../../Engine/Plugins/Interchange/Runtime/Content/gltf/MaterialFunctions/MF_PerceivedBrightness.uexp" 728
"../../../Engine/Plugins/Interchange/Runtime/Content/gltf/MaterialFunctions/MF_SpecGlossToMetalRoughness.uasset" 729
"../../../Engine/Plugins/Interchange/Runtime/Content/gltf/MaterialFunctions/MF_SpecGlossToMetalRoughness.uexp" 730
"../../../Engine/Plugins/Interchange/Runtime/Content/gltf/M_Transmission.uasset" 731
"../../../Engine/Plugins/Interchange/Runtime/Content/gltf/M_Transmission.uexp" 732
"../../../Engine/Plugins/Interchange/Runtime/Content/gltf/MaterialInstances_SG/MI_Transmission_TS.uasset" 733
"../../../Engine/Plugins/Interchange/Runtime/Content/gltf/MaterialInstances_SG/MI_Transmission_TS.uexp" 734
"../../../Engine/Plugins/Interchange/Runtime/Content/gltf/MaterialInstances_SG/MI_Transmission.uasset" 735
"../../../Engine/Plugins/Interchange/Runtime/Content/gltf/MaterialInstances_SG/MI_Transmission.uexp" 736
"../../../Engine/Plugins/Interchange/Runtime/Content/gltf/MaterialFunctions/MF_Emissive.uasset" 737
"../../../Engine/Plugins/Interchange/Runtime/Content/gltf/MaterialFunctions/MF_Emissive.uexp" 738
"../../../Engine/Plugins/Interchange/Runtime/Content/gltf/MaterialFunctions/MF_Sheen.uasset" 739
"../../../Engine/Plugins/Interchange/Runtime/Content/gltf/MaterialFunctions/MF_Sheen.uexp" 740
"../../../Engine/Content/Functions/Engine_MaterialFunctions01/Shading/FuzzyShading.uasset" 741
"../../../Engine/Content/Functions/Engine_MaterialFunctions01/Shading/FuzzyShading.uexp" 742
"../../../Engine/Plugins/Interchange/Runtime/Content/gltf/M_Sheen.uasset" 743
"../../../Engine/Plugins/Interchange/Runtime/Content/gltf/M_Sheen.uexp" 744
"../../../Engine/Plugins/Interchange/Runtime/Content/gltf/MaterialInstances_SG/MI_Opaque_Sheen_TS.uasset" 745
"../../../Engine/Plugins/Interchange/Runtime/Content/gltf/MaterialInstances_SG/MI_Opaque_Sheen_TS.uexp" 746
"../../../Engine/Plugins/Interchange/Runtime/Content/gltf/MaterialInstances_SG/MI_Opaque_Sheen.uasset" 747
"../../../Engine/Plugins/Interchange/Runtime/Content/gltf/MaterialInstances_SG/MI_Opaque_Sheen.uexp" 748
"../../../Engine/Plugins/Interchange/Runtime/Content/gltf/MaterialFunctions/MF_Clearcoat.uasset" 749
"../../../Engine/Plugins/Interchange/Runtime/Content/gltf/MaterialFunctions/MF_Clearcoat.uexp" 750
"../../../Engine/Plugins/Interchange/Runtime/Content/gltf/M_Translucent.uasset" 751
"../../../Engine/Plugins/Interchange/Runtime/Content/gltf/M_Translucent.uexp" 752
"../../../Engine/Plugins/Interchange/Runtime/Content/gltf/MaterialInstances_SG/MI_Translucent_TS.uasset" 753
"../../../Engine/Plugins/Interchange/Runtime/Content/gltf/MaterialInstances_SG/MI_Translucent_TS.uexp" 754
"../../../Engine/Plugins/Interchange/Runtime/Content/gltf/MaterialInstances_SG/MI_Translucent_ClearCoat_TS.uasset" 755
"../../../Engine/Plugins/Interchange/Runtime/Content/gltf/MaterialInstances_SG/MI_Translucent_ClearCoat_TS.uexp" 756
"../../../Engine/Plugins/Interchange/Runtime/Content/gltf/MaterialInstances_SG/MI_Translucent_ClearCoat.uasset" 757
"../../../Engine/Plugins/Interchange/Runtime/Content/gltf/MaterialInstances_SG/MI_Translucent_ClearCoat.uexp" 758
"../../../Engine/Plugins/Interchange/Runtime/Content/gltf/MaterialInstances_SG/MI_Translucent.uasset" 759
"../../../Engine/Plugins/Interchange/Runtime/Content/gltf/MaterialInstances_SG/MI_Translucent.uexp" 760
"../../../Engine/Plugins/Interchange/Runtime/Content/gltf/M_Opaque.uasset" 761
"../../../Engine/Plugins/Interchange/Runtime/Content/gltf/M_Opaque.uexp" 762
"../../../Engine/Plugins/Interchange/Runtime/Content/gltf/MaterialInstances_SG/MI_Opaque_TS.uasset" 763
"../../../Engine/Plugins/Interchange/Runtime/Content/gltf/MaterialInstances_SG/MI_Opaque_TS.uexp" 764
"../../../Engine/Plugins/Interchange/Runtime/Content/gltf/MaterialInstances_SG/MI_Opaque_ClearCoat_TS.uasset" 765
"../../../Engine/Plugins/Interchange/Runtime/Content/gltf/MaterialInstances_SG/MI_Opaque_ClearCoat_TS.uexp" 766
"../../../Engine/Plugins/Interchange/Runtime/Content/gltf/MaterialInstances_SG/MI_Opaque_ClearCoat.uasset" 767
"../../../Engine/Plugins/Interchange/Runtime/Content/gltf/MaterialInstances_SG/MI_Opaque_ClearCoat.uexp" 768
"../../../Engine/Plugins/Interchange/Runtime/Content/gltf/MaterialInstances_SG/MI_Opaque.uasset" 769
"../../../Engine/Plugins/Interchange/Runtime/Content/gltf/MaterialInstances_SG/MI_Opaque.uexp" 770
"../../../Engine/Plugins/Interchange/Runtime/Content/gltf/M_Unlit.uasset" 771
"../../../Engine/Plugins/Interchange/Runtime/Content/gltf/M_Unlit.uexp" 772
"../../../Engine/Plugins/Interchange/Runtime/Content/gltf/MaterialInstances_MR/MI_Opaque_Unlit_TS.uasset" 773
"../../../Engine/Plugins/Interchange/Runtime/Content/gltf/MaterialInstances_MR/MI_Opaque_Unlit_TS.uexp" 774
"../../../Engine/Plugins/Interchange/Runtime/Content/gltf/MaterialInstances_MR/MI_Opaque_Sheen_TS.uasset" 775
"../../../Engine/Plugins/Interchange/Runtime/Content/gltf/MaterialInstances_MR/MI_Opaque_Sheen_TS.uexp" 776
"../../../Engine/Plugins/Interchange/Runtime/Content/gltf/MaterialInstances_MR/MI_Opaque_Sheen.uasset" 777
"../../../Engine/Plugins/Interchange/Runtime/Content/gltf/MaterialInstances_MR/MI_Opaque_Sheen.uexp" 778
"../../../Engine/Plugins/Interchange/Runtime/Content/gltf/MaterialInstances_MR/MI_Opaque.uasset" 779
"../../../Engine/Plugins/Interchange/Runtime/Content/gltf/MaterialInstances_MR/MI_Opaque.uexp" 780
"../../../Engine/Plugins/Interchange/Runtime/Content/gltf/MaterialInstances_MR/MI_Transmission_TS.uasset" 781
"../../../Engine/Plugins/Interchange/Runtime/Content/gltf/MaterialInstances_MR/MI_Transmission_TS.uexp" 782
"../../../Engine/Plugins/Interchange/Runtime/Content/gltf/MaterialInstances_MR/MI_Transmission.uasset" 783
"../../../Engine/Plugins/Interchange/Runtime/Content/gltf/MaterialInstances_MR/MI_Transmission.uexp" 784
"../../../Engine/Plugins/Interchange/Runtime/Content/gltf/MaterialInstances_MR/MI_Translucent_TS.uasset" 785
"../../../Engine/Plugins/Interchange/Runtime/Content/gltf/MaterialInstances_MR/MI_Translucent_TS.uexp" 786
"../../../Engine/Plugins/Interchange/Runtime/Content/gltf/MaterialInstances_MR/MI_Translucent_ClearCoat_TS.uasset" 787
"../../../Engine/Plugins/Interchange/Runtime/Content/gltf/MaterialInstances_MR/MI_Translucent_ClearCoat_TS.uexp" 788
"../../../Engine/Plugins/Interchange/Runtime/Content/gltf/MaterialInstances_MR/MI_Translucent_ClearCoat.uasset" 789
"../../../Engine/Plugins/Interchange/Runtime/Content/gltf/MaterialInstances_MR/MI_Translucent_ClearCoat.uexp" 790
"../../../Engine/Plugins/Interchange/Runtime/Content/gltf/MaterialInstances_MR/MI_Translucent.uasset" 791
"../../../Engine/Plugins/Interchange/Runtime/Content/gltf/MaterialInstances_MR/MI_Translucent.uexp" 792
"../../../Engine/Plugins/Interchange/Runtime/Content/gltf/MaterialInstances_MR/MI_Opaque_Unlit.uasset" 793
"../../../Engine/Plugins/Interchange/Runtime/Content/gltf/MaterialInstances_MR/MI_Opaque_Unlit.uexp" 794
"../../../Engine/Plugins/Interchange/Runtime/Content/gltf/MaterialInstances_MR/MI_Opaque_TS.uasset" 795
"../../../Engine/Plugins/Interchange/Runtime/Content/gltf/MaterialInstances_MR/MI_Opaque_TS.uexp" 796
"../../../Engine/Plugins/Interchange/Runtime/Content/gltf/MaterialInstances_MR/MI_Opaque_ClearCoat_TS.uasset" 797
"../../../Engine/Plugins/Interchange/Runtime/Content/gltf/MaterialInstances_MR/MI_Opaque_ClearCoat_TS.uexp" 798
"../../../Engine/Plugins/Interchange/Runtime/Content/gltf/MaterialInstances_MR/MI_Opaque_ClearCoat.uasset" 799
"../../../Engine/Plugins/Interchange/Runtime/Content/gltf/MaterialInstances_MR/MI_Opaque_ClearCoat.uexp" 800
"../../../Engine/Content/Functions/Engine_MaterialFunctions02/WorldPositionOffset/V2/ObjectScale.uasset" 801
"../../../Engine/Content/Functions/Engine_MaterialFunctions02/WorldPositionOffset/V2/ObjectScale.uexp" 802
"../../../Engine/Plugins/Interchange/Runtime/Content/gltf/MaterialFunctions/MF_TransmissionOpacity.uasset" 803
"../../../Engine/Plugins/Interchange/Runtime/Content/gltf/MaterialFunctions/MF_TransmissionOpacity.uexp" 804
"../../../Engine/Plugins/Interchange/Runtime/Content/Functions/MX_Transmission.uasset" 805
"../../../Engine/Plugins/Interchange/Runtime/Content/Functions/MX_Transmission.uexp" 806
"../../../Engine/Plugins/Interchange/Runtime/Content/Functions/MX_StandardSurface.uasset" 807
"../../../Engine/Plugins/Interchange/Runtime/Content/Functions/MX_StandardSurface.uexp" 808
"../../../Engine/Plugins/Interchange/Runtime/Content/Functions/MX_TransmissionSurface.uasset" 809
"../../../Engine/Plugins/Interchange/Runtime/Content/Functions/MX_TransmissionSurface.uexp" 810
"/home/nikita/Documents/programs/Unreal Projects/HackatonSlasher/Content/Characters/Mongol/SK_Mongol.uasset" 811
"/home/nikita/Documents/programs/Unreal Projects/HackatonSlasher/Content/Characters/Mongol/SK_Mongol.uexp" 812
"/home/nikita/Documents/programs/Unreal Projects/HackatonSlasher/Content/Textures/T_Mongol_BC.uasset" 813
"/home/nikita/Documents/programs/Unreal Projects/HackatonSlasher/Content/Textures/T_Mongol_BC.ubulk" 814
"/home/nikita/Documents/programs/Unreal Projects/HackatonSlasher/Content/Textures/T_Mongol_BC.uexp" 815
"/home/nikita/Documents/programs/Unreal Projects/HackatonSlasher/Content/Materials/M_Mongol.uasset" 816
"/home/nikita/Documents/programs/Unreal Projects/HackatonSlasher/Content/Materials/M_Mongol.uexp" 817
"/home/nikita/Documents/programs/Unreal Projects/HackatonSlasher/Content/Characters/Mongol/PHYS_Mongol.uasset" 818
"/home/nikita/Documents/programs/Unreal Projects/HackatonSlasher/Content/Characters/Mongol/PHYS_Mongol.uexp" 819
"/home/nikita/Documents/programs/Unreal Projects/HackatonSlasher/Content/Characters/Mongol/SKM_Mongol.uasset" 820
"/home/nikita/Documents/programs/Unreal Projects/HackatonSlasher/Content/Characters/Mongol/SKM_Mongol.uexp" 821
"../../../Engine/Content/EditorBlueprintResources/StandardMacros.uasset" 822
"../../../Engine/Content/EditorBlueprintResources/StandardMacros.uexp" 823
"/home/nikita/Documents/programs/Unreal Projects/HackatonSlasher/Content/Blueprint/BP_Character.uasset" 824
"/home/nikita/Documents/programs/Unreal Projects/HackatonSlasher/Content/Blueprint/BP_Character.uexp" 825
"/home/nikita/Documents/programs/Unreal Projects/HackatonSlasher/Content/UI/UIAssets/window1.uasset" 826
"/home/nikita/Documents/programs/Unreal Projects/HackatonSlasher/Content/UI/UIAssets/window1.uexp" 827
"/home/nikita/Documents/programs/Unreal Projects/HackatonSlasher/Content/Meshes/SM_Rapier_01.uasset" 828
"/home/nikita/Documents/programs/Unreal Projects/HackatonSlasher/Content/Meshes/SM_Rapier_01.ubulk" 829
"/home/nikita/Documents/programs/Unreal Projects/HackatonSlasher/Content/Meshes/SM_Rapier_01.uexp" 830
"/home/nikita/Documents/programs/Unreal Projects/HackatonSlasher/Content/Characters/Player/PHYS_Player.uasset" 831
"/home/nikita/Documents/programs/Unreal Projects/HackatonSlasher/Content/Characters/Player/PHYS_Player.uexp" 832
"/home/nikita/Documents/programs/Unreal Projects/HackatonSlasher/Content/Textures/T_SwordAndShield.uasset" 833
"/home/nikita/Documents/programs/Unreal Projects/HackatonSlasher/Content/Textures/T_SwordAndShield.ubulk" 834
"/home/nikita/Documents/programs/Unreal Projects/HackatonSlasher/Content/Textures/T_SwordAndShield.uexp" 835
"/home/nikita/Documents/programs/Unreal Projects/HackatonSlasher/Content/Materials/M_SwordAndShield.uasset" 836
"/home/nikita/Documents/programs/Unreal Projects/HackatonSlasher/Content/Materials/M_SwordAndShield.uexp" 837
"/home/nikita/Documents/programs/Unreal Projects/HackatonSlasher/Content/Characters/Player/SK_Player.uasset" 838
"/home/nikita/Documents/programs/Unreal Projects/HackatonSlasher/Content/Characters/Player/SK_Player.uexp" 839
"/home/nikita/Documents/programs/Unreal Projects/HackatonSlasher/Content/Characters/Player/SKM_Player.uasset" 840
"/home/nikita/Documents/programs/Unreal Projects/HackatonSlasher/Content/Characters/Player/SKM_Player.uexp" 841
"../../../Engine/Content/Animation/DefaultAnimCurveCompressionSettings.uasset" 842
"../../../Engine/Content/Animation/DefaultAnimCurveCompressionSettings.uexp" 843
"../../../Engine/Content/Animation/DefaultAnimBoneCompressionSettings.uasset" 844
"../../../Engine/Content/Animation/DefaultAnimBoneCompressionSettings.uexp" 845
"/home/nikita/Documents/programs/Unreal Projects/HackatonSlasher/Content/Characters/Player/A_Player_Death.uasset" 846
"/home/nikita/Documents/programs/Unreal Projects/HackatonSlasher/Content/Characters/Player/A_Player_Death.uexp" 847
"/home/nikita/Documents/programs/Unreal Projects/HackatonSlasher/Content/Input/Actions/IA_Block.uasset" 848
"/home/nikita/Documents/programs/Unreal Projects/HackatonSlasher/Content/Input/Actions/IA_Block.uexp" 849
"/home/nikita/Documents/programs/Unreal Projects/HackatonSlasher/Content/Input/Actions/IA_Move.uasset" 850
"/home/nikita/Documents/programs/Unreal Projects/HackatonSlasher/Content/Input/Actions/IA_Move.uexp" 851
"/home/nikita/Documents/programs/Unreal Projects/HackatonSlasher/Content/Input/IMC_Default.uasset" 852
"/home/nikita/Documents/programs/Unreal Projects/HackatonSlasher/Content/Input/IMC_Default.uexp" 853
"/home/nikita/Documents/programs/Unreal Projects/HackatonSlasher/Content/Blueprint/BP_TopDownController.uasset" 854
"/home/nikita/Documents/programs/Unreal Projects/HackatonSlasher/Content/Blueprint/BP_TopDownController.uexp" 855
"/home/nikita/Documents/programs/Unreal Projects/HackatonSlasher/Content/Blueprint/BP_TopDownGameMode.uasset" 856
"/home/nikita/Documents/programs/Unreal Projects/HackatonSlasher/Content/Blueprint/BP_TopDownGameMode.uexp" 857
"/home/nikita/Documents/programs/Unreal Projects/HackatonSlasher/Content/Characters/Player/A_Player_Idle.uasset" 858
"/home/nikita/Documents/programs/Unreal Projects/HackatonSlasher/Content/Characters/Player/A_Player_Idle.uexp" 859
"/home/nikita/Documents/programs/Unreal Projects/HackatonSlasher/Content/Characters/Player/Sword_And_Shield_Walk_Anim.uasset" 860
"/home/nikita/Documents/programs/Unreal Projects/HackatonSlasher/Content/Characters/Player/Sword_And_Shield_Walk_Anim.uexp" 861
"/home/nikita/Documents/programs/Unreal Projects/HackatonSlasher/Content/Anim/BS_Player_Movement.uasset" 862
"/home/nikita/Documents/programs/Unreal Projects/HackatonSlasher/Content/Anim/BS_Player_Movement.uexp" 863
"/home/nikita/Documents/programs/Unreal Projects/HackatonSlasher/Content/Characters/Player/A_Player_Slash.uasset" 864
"/home/nikita/Documents/programs/Unreal Projects/HackatonSlasher/Content/Characters/Player/A_Player_Slash.uexp" 865
"/home/nikita/Documents/programs/Unreal Projects/HackatonSlasher/Content/Anim/ABP_MainHero.uasset" 866
"/home/nikita/Documents/programs/Unreal Projects/HackatonSlasher/Content/Anim/ABP_MainHero.uexp" 867
"/home/nikita/Documents/programs/Unreal Projects/HackatonSlasher/Content/Blueprint/BP_Player.uasset" 868
"/home/nikita/Documents/programs/Unreal Projects/HackatonSlasher/Content/Blueprint/BP_Player.uexp" 869
"/home/nikita/Documents/programs/Unreal Projects/HackatonSlasher/Content/UI/UIAssets/window2.uasset" 870
"/home/nikita/Documents/programs/Unreal Projects/HackatonSlasher/Content/UI/UIAssets/window2.uexp" 871
"/home/nikita/Documents/programs/Unreal Projects/HackatonSlasher/Content/UI/UIAssets/hp_border.uasset" 872
"/home/nikita/Documents/programs/Unreal Projects/HackatonSlasher/Content/UI/UIAssets/hp_border.uexp" 873
"/home/nikita/Documents/programs/Unreal Projects/HackatonSlasher/Content/UI/UIAssets/hp_full.uasset" 874
"/home/nikita/Documents/programs/Unreal Projects/HackatonSlasher/Content/UI/UIAssets/hp_full.uexp" 875
"/home/nikita/Documents/programs/Unreal Projects/HackatonSlasher/Content/UI/UMG_GameplayHUD.uasset" 876
"/home/nikita/Documents/programs/Unreal Projects/HackatonSlasher/Content/UI/UMG_GameplayHUD.uexp" 877
"/home/nikita/Documents/programs/Unreal Projects/HackatonSlasher/Content/Meshes/SM_Rapier_03.uasset" 878
"/home/nikita/Documents/programs/Unreal Projects/HackatonSlasher/Content/Meshes/SM_Rapier_03.ubulk" 879
"/home/nikita/Documents/programs/Unreal Projects/HackatonSlasher/Content/Meshes/SM_Rapier_03.uexp" 880
"/home/nikita/Documents/programs/Unreal Projects/HackatonSlasher/Content/AI/BB_CommonEnemy.uasset" 881
"/home/nikita/Documents/programs/Unreal Projects/HackatonSlasher/Content/AI/BB_CommonEnemy.uexp" 882
"/home/nikita/Documents/programs/Unreal Projects/HackatonSlasher/Content/AI/BTTask_GoToPlayer.uasset" 883
"/home/nikita/Documents/programs/Unreal Projects/HackatonSlasher/Content/AI/BTTask_GoToPlayer.uexp" 884
"/home/nikita/Documents/programs/Unreal Projects/HackatonSlasher/Content/AI/BTTask_Hit.uasset" 885
"/home/nikita/Documents/programs/Unreal Projects/HackatonSlasher/Content/AI/BTTask_Hit.uexp" 886
"/home/nikita/Documents/programs/Unreal Projects/HackatonSlasher/Content/AI/BT_CommonEnemy.uasset" 887
"/home/nikita/Documents/programs/Unreal Projects/HackatonSlasher/Content/AI/BT_CommonEnemy.uexp" 888
"/home/nikita/Documents/programs/Unreal Projects/HackatonSlasher/Content/AI/AIC_CommonEnemy.uasset" 889
"/home/nikita/Documents/programs/Unreal Projects/HackatonSlasher/Content/AI/AIC_CommonEnemy.uexp" 890
"/home/nikita/Documents/programs/Unreal Projects/HackatonSlasher/Content/Characters/Mongol/A_Mongol_Death.uasset" 891
"/home/nikita/Documents/programs/Unreal Projects/HackatonSlasher/Content/Characters/Mongol/A_Mongol_Death.uexp" 892
"/home/nikita/Documents/programs/Unreal Projects/HackatonSlasher/Content/UI/UMG_AboveBar.uasset" 893
"/home/nikita/Documents/programs/Unreal Projects/HackatonSlasher/Content/UI/UMG_AboveBar.uexp" 894
"/home/nikita/Documents/programs/Unreal Projects/HackatonSlasher/Content/Characters/Mongol/A_Mongol_Idle.uasset" 895
"/home/nikita/Documents/programs/Unreal Projects/HackatonSlasher/Content/Characters/Mongol/A_Mongol_Idle.uexp" 896
"/home/nikita/Documents/programs/Unreal Projects/HackatonSlasher/Content/Characters/Mongol/A_Mongol_Run.uasset" 897
"/home/nikita/Documents/programs/Unreal Projects/HackatonSlasher/Content/Characters/Mongol/A_Mongol_Run.uexp" 898
"/home/nikita/Documents/programs/Unreal Projects/HackatonSlasher/Content/Anim/BS_Mongol_Movement.uasset" 899
"/home/nikita/Documents/programs/Unreal Projects/HackatonSlasher/Content/Anim/BS_Mongol_Movement.uexp" 900
"/home/nikita/Documents/programs/Unreal Projects/HackatonSlasher/Content/Characters/Mongol/A_Mongol_Slash.uasset" 901
"/home/nikita/Documents/programs/Unreal Projects/HackatonSlasher/Content/Characters/Mongol/A_Mongol_Slash.uexp" 902
"/home/nikita/Documents/programs/Unreal Projects/HackatonSlasher/Content/Anim/ABP_Mongol.uasset" 903
"/home/nikita/Documents/programs/Unreal Projects/HackatonSlasher/Content/Anim/ABP_Mongol.uexp" 904
"/home/nikita/Documents/programs/Unreal Projects/HackatonSlasher/Content/Blueprint/BP_CommonEnemy.uasset" 905
"/home/nikita/Documents/programs/Unreal Projects/HackatonSlasher/Content/Blueprint/BP_CommonEnemy.uexp" 906
"../../../Engine/Content/Maps/Templates/HLODs/HLODLayer_Instanced.uasset" 907
"../../../Engine/Content/Maps/Templates/HLODs/HLODLayer_Instanced.uexp" 908
"/home/nikita/Documents/programs/Unreal Projects/HackatonSlasher/Content/Levels/TopDownMap.umap" 909
"/home/nikita/Documents/programs/Unreal Projects/HackatonSlasher/Content/Levels/TopDownMap.uexp" 910
"../../../Engine/Content/Maps/Entry_BuiltData.uasset" 911
"../../../Engine/Content/Maps/Entry_BuiltData.uexp" 912
"../../../Engine/Content/Maps/Entry.umap" 913
"../../../Engine/Content/Maps/Entry.uexp" 914
